{"C:\\Users\\s530460\\Documents\\NWMSU\\GDP II\\Project\\src\\GDP-Node\\app.js":{"path":"C:\\Users\\s530460\\Documents\\NWMSU\\GDP II\\Project\\src\\GDP-Node\\app.js","statementMap":{"0":{"start":{"line":1,"column":11},"end":{"line":1,"column":26}},"1":{"start":{"line":2,"column":14},"end":{"line":2,"column":32}},"2":{"start":{"line":3,"column":13},"end":{"line":3,"column":30}},"3":{"start":{"line":4,"column":17},"end":{"line":4,"column":39}},"4":{"start":{"line":5,"column":13},"end":{"line":5,"column":28}},"5":{"start":{"line":6,"column":0},"end":{"line":6,"column":27}},"6":{"start":{"line":7,"column":16},"end":{"line":7,"column":38}},"7":{"start":{"line":8,"column":23},"end":{"line":8,"column":53}},"8":{"start":{"line":9,"column":10},"end":{"line":9,"column":19}},"9":{"start":{"line":10,"column":12},"end":{"line":10,"column":36}},"10":{"start":{"line":11,"column":13},"end":{"line":11,"column":30}},"11":{"start":{"line":12,"column":15},"end":{"line":12,"column":34}},"12":{"start":{"line":13,"column":20},"end":{"line":13,"column":54}},"13":{"start":{"line":14,"column":17},"end":{"line":14,"column":50}},"14":{"start":{"line":15,"column":11},"end":{"line":15,"column":37}},"15":{"start":{"line":16,"column":12},"end":{"line":16,"column":44}},"16":{"start":{"line":17,"column":24},"end":{"line":17,"column":54}},"17":{"start":{"line":18,"column":11},"end":{"line":18,"column":35}},"18":{"start":{"line":19,"column":19},"end":{"line":19,"column":43}},"19":{"start":{"line":20,"column":17},"end":{"line":20,"column":39}},"20":{"start":{"line":27,"column":0},"end":{"line":29,"column":3}},"21":{"start":{"line":30,"column":0},"end":{"line":30,"column":23}},"22":{"start":{"line":31,"column":13},"end":{"line":31,"column":46}},"23":{"start":{"line":33,"column":13},"end":{"line":33,"column":41}},"24":{"start":{"line":36,"column":0},"end":{"line":36,"column":29}},"25":{"start":{"line":38,"column":0},"end":{"line":38,"column":48}},"26":{"start":{"line":41,"column":0},"end":{"line":41,"column":30}},"27":{"start":{"line":43,"column":12},"end":{"line":43,"column":75}},"28":{"start":{"line":44,"column":0},"end":{"line":51,"column":4}},"29":{"start":{"line":52,"column":0},"end":{"line":52,"column":24}},"30":{"start":{"line":53,"column":0},"end":{"line":53,"column":27}},"31":{"start":{"line":54,"column":0},"end":{"line":54,"column":52}},"32":{"start":{"line":55,"column":0},"end":{"line":55,"column":17}},"33":{"start":{"line":56,"column":0},"end":{"line":56,"column":31}},"34":{"start":{"line":57,"column":0},"end":{"line":57,"column":28}},"35":{"start":{"line":62,"column":0},"end":{"line":62,"column":21}},"36":{"start":{"line":65,"column":0},"end":{"line":68,"column":3}},"37":{"start":{"line":66,"column":2},"end":{"line":66,"column":56}},"38":{"start":{"line":67,"column":2},"end":{"line":67,"column":87}},"39":{"start":{"line":69,"column":0},"end":{"line":69,"column":18}}},"fnMap":{"0":{"name":"(anonymous_0)","decl":{"start":{"line":65,"column":32},"end":{"line":65,"column":33}},"loc":{"start":{"line":65,"column":44},"end":{"line":68,"column":1}},"line":65}},"branchMap":{},"s":{"0":1,"1":1,"2":1,"3":1,"4":1,"5":1,"6":1,"7":1,"8":1,"9":1,"10":1,"11":1,"12":1,"13":1,"14":1,"15":1,"16":1,"17":1,"18":1,"19":1,"20":1,"21":1,"22":1,"23":1,"24":1,"25":1,"26":1,"27":1,"28":1,"29":1,"30":1,"31":1,"32":1,"33":1,"34":1,"35":1,"36":1,"37":1,"38":1,"39":1},"f":{"0":1},"b":{},"_coverageSchema":"43e27e138ebf9cfc5966b082cf9a028302ed4184","hash":"79734363b0fc572df78e695fedeb3a97ea9820df","contentHash":"380948627409112953cebb59905c3628"},"C:\\Users\\s530460\\Documents\\NWMSU\\GDP II\\Project\\src\\GDP-Node\\config\\db_connection.js":{"path":"C:\\Users\\s530460\\Documents\\NWMSU\\GDP II\\Project\\src\\GDP-Node\\config\\db_connection.js","statementMap":{"0":{"start":{"line":2,"column":12},"end":{"line":2,"column":28}},"1":{"start":{"line":3,"column":13},"end":{"line":3,"column":38}},"2":{"start":{"line":4,"column":23},"end":{"line":13,"column":2}},"3":{"start":{"line":14,"column":23},"end":{"line":23,"column":2}},"4":{"start":{"line":24,"column":27},"end":{"line":32,"column":2}},"5":{"start":{"line":33,"column":0},"end":{"line":33,"column":48}},"6":{"start":{"line":34,"column":0},"end":{"line":34,"column":47}},"7":{"start":{"line":35,"column":0},"end":{"line":35,"column":57}}},"fnMap":{},"branchMap":{},"s":{"0":1,"1":1,"2":1,"3":1,"4":1,"5":1,"6":1,"7":1},"f":{},"b":{},"_coverageSchema":"43e27e138ebf9cfc5966b082cf9a028302ed4184","hash":"cb875722fc96196a6534471e38eede8f1ab9cf5b","contentHash":"5b1fd9c79c18ae642300851222587cf4"},"C:\\Users\\s530460\\Documents\\NWMSU\\GDP II\\Project\\src\\GDP-Node\\memory.js":{"path":"C:\\Users\\s530460\\Documents\\NWMSU\\GDP II\\Project\\src\\GDP-Node\\memory.js","statementMap":{"0":{"start":{"line":1,"column":12},"end":{"line":1,"column":44}},"1":{"start":{"line":2,"column":11},"end":{"line":2,"column":26}},"2":{"start":{"line":3,"column":12},"end":{"line":3,"column":47}},"3":{"start":{"line":19,"column":0},"end":{"line":19,"column":28}},"4":{"start":{"line":29,"column":2},"end":{"line":29,"column":18}},"5":{"start":{"line":30,"column":2},"end":{"line":30,"column":37}},"6":{"start":{"line":31,"column":2},"end":{"line":31,"column":43}},"7":{"start":{"line":34,"column":2},"end":{"line":36,"column":3}},"8":{"start":{"line":38,"column":2},"end":{"line":42,"column":3}},"9":{"start":{"line":39,"column":4},"end":{"line":41,"column":5}},"10":{"start":{"line":40,"column":6},"end":{"line":40,"column":44}},"11":{"start":{"line":44,"column":2},"end":{"line":44,"column":60}},"12":{"start":{"line":47,"column":2},"end":{"line":62,"column":3}},"13":{"start":{"line":48,"column":15},"end":{"line":48,"column":19}},"14":{"start":{"line":49,"column":4},"end":{"line":61,"column":14}},"15":{"start":{"line":50,"column":6},"end":{"line":50,"column":44}},"16":{"start":{"line":51,"column":6},"end":{"line":59,"column":7}},"17":{"start":{"line":52,"column":8},"end":{"line":58,"column":9}},"18":{"start":{"line":53,"column":10},"end":{"line":53,"column":69}},"19":{"start":{"line":54,"column":10},"end":{"line":54,"column":33}},"20":{"start":{"line":57,"column":10},"end":{"line":57,"column":42}},"21":{"start":{"line":69,"column":0},"end":{"line":69,"column":33}},"22":{"start":{"line":78,"column":0},"end":{"line":92,"column":1}},"23":{"start":{"line":79,"column":19},"end":{"line":79,"column":45}},"24":{"start":{"line":80,"column":17},"end":{"line":80,"column":36}},"25":{"start":{"line":82,"column":2},"end":{"line":89,"column":3}},"26":{"start":{"line":83,"column":20},"end":{"line":83,"column":33}},"27":{"start":{"line":84,"column":18},"end":{"line":84,"column":50}},"28":{"start":{"line":86,"column":4},"end":{"line":88,"column":5}},"29":{"start":{"line":87,"column":6},"end":{"line":87,"column":36}},"30":{"start":{"line":91,"column":2},"end":{"line":91,"column":45}},"31":{"start":{"line":101,"column":0},"end":{"line":105,"column":1}},"32":{"start":{"line":102,"column":2},"end":{"line":102,"column":37}},"33":{"start":{"line":103,"column":2},"end":{"line":103,"column":43}},"34":{"start":{"line":104,"column":2},"end":{"line":104,"column":29}},"35":{"start":{"line":114,"column":0},"end":{"line":118,"column":1}},"36":{"start":{"line":115,"column":2},"end":{"line":115,"column":39}},"37":{"start":{"line":116,"column":2},"end":{"line":116,"column":33}},"38":{"start":{"line":117,"column":2},"end":{"line":117,"column":29}},"39":{"start":{"line":128,"column":0},"end":{"line":130,"column":1}},"40":{"start":{"line":129,"column":2},"end":{"line":129,"column":57}},"41":{"start":{"line":148,"column":0},"end":{"line":153,"column":1}},"42":{"start":{"line":149,"column":2},"end":{"line":152,"column":4}},"43":{"start":{"line":150,"column":4},"end":{"line":150,"column":33}},"44":{"start":{"line":150,"column":13},"end":{"line":150,"column":33}},"45":{"start":{"line":151,"column":4},"end":{"line":151,"column":48}},"46":{"start":{"line":155,"column":0},"end":{"line":162,"column":1}},"47":{"start":{"line":156,"column":2},"end":{"line":159,"column":3}},"48":{"start":{"line":157,"column":4},"end":{"line":157,"column":28}},"49":{"start":{"line":158,"column":4},"end":{"line":158,"column":57}},"50":{"start":{"line":160,"column":2},"end":{"line":160,"column":52}},"51":{"start":{"line":161,"column":2},"end":{"line":161,"column":29}},"52":{"start":{"line":173,"column":0},"end":{"line":183,"column":1}},"53":{"start":{"line":174,"column":23},"end":{"line":174,"column":55}},"54":{"start":{"line":176,"column":2},"end":{"line":180,"column":3}},"55":{"start":{"line":178,"column":4},"end":{"line":178,"column":42}},"56":{"start":{"line":179,"column":4},"end":{"line":179,"column":61}},"57":{"start":{"line":182,"column":2},"end":{"line":182,"column":29}},"58":{"start":{"line":192,"column":2},"end":{"line":192,"column":36}},"59":{"start":{"line":194,"column":13},"end":{"line":194,"column":37}},"60":{"start":{"line":196,"column":2},"end":{"line":198,"column":3}},"61":{"start":{"line":197,"column":4},"end":{"line":197,"column":10}},"62":{"start":{"line":200,"column":2},"end":{"line":200,"column":52}},"63":{"start":{"line":201,"column":2},"end":{"line":201,"column":55}},"64":{"start":{"line":204,"column":2},"end":{"line":204,"column":25}},"65":{"start":{"line":206,"column":16},"end":{"line":208,"column":25}},"66":{"start":{"line":211,"column":2},"end":{"line":215,"column":3}},"67":{"start":{"line":212,"column":4},"end":{"line":212,"column":35}},"68":{"start":{"line":213,"column":4},"end":{"line":213,"column":41}},"69":{"start":{"line":214,"column":4},"end":{"line":214,"column":10}},"70":{"start":{"line":217,"column":2},"end":{"line":217,"column":13}}},"fnMap":{"0":{"name":"MemoryStore","decl":{"start":{"line":28,"column":9},"end":{"line":28,"column":20}},"loc":{"start":{"line":28,"column":30},"end":{"line":63,"column":1}},"line":28},"1":{"name":"(anonymous_1)","decl":{"start":{"line":49,"column":47},"end":{"line":49,"column":48}},"loc":{"start":{"line":49,"column":58},"end":{"line":60,"column":5}},"line":49},"2":{"name":"all","decl":{"start":{"line":78,"column":37},"end":{"line":78,"column":40}},"loc":{"start":{"line":78,"column":51},"end":{"line":92,"column":1}},"line":78},"3":{"name":"clear","decl":{"start":{"line":101,"column":39},"end":{"line":101,"column":44}},"loc":{"start":{"line":101,"column":55},"end":{"line":105,"column":1}},"line":101},"4":{"name":"destroy","decl":{"start":{"line":114,"column":41},"end":{"line":114,"column":48}},"loc":{"start":{"line":114,"column":70},"end":{"line":118,"column":1}},"line":114},"5":{"name":"get","decl":{"start":{"line":128,"column":37},"end":{"line":128,"column":40}},"loc":{"start":{"line":128,"column":62},"end":{"line":130,"column":1}},"line":128},"6":{"name":"length","decl":{"start":{"line":148,"column":40},"end":{"line":148,"column":46}},"loc":{"start":{"line":148,"column":57},"end":{"line":153,"column":1}},"line":148},"7":{"name":"(anonymous_7)","decl":{"start":{"line":149,"column":11},"end":{"line":149,"column":12}},"loc":{"start":{"line":149,"column":36},"end":{"line":152,"column":3}},"line":149},"8":{"name":"set","decl":{"start":{"line":155,"column":37},"end":{"line":155,"column":40}},"loc":{"start":{"line":155,"column":71},"end":{"line":162,"column":1}},"line":155},"9":{"name":"touch","decl":{"start":{"line":173,"column":39},"end":{"line":173,"column":44}},"loc":{"start":{"line":173,"column":75},"end":{"line":183,"column":1}},"line":173},"10":{"name":"getSession","decl":{"start":{"line":190,"column":9},"end":{"line":190,"column":19}},"loc":{"start":{"line":190,"column":31},"end":{"line":218,"column":1}},"line":190}},"branchMap":{"0":{"loc":{"start":{"line":38,"column":2},"end":{"line":42,"column":3}},"type":"if","locations":[{"start":{"line":38,"column":2},"end":{"line":42,"column":3}},{"start":{"line":38,"column":2},"end":{"line":42,"column":3}}],"line":38},"1":{"loc":{"start":{"line":39,"column":4},"end":{"line":41,"column":5}},"type":"if","locations":[{"start":{"line":39,"column":4},"end":{"line":41,"column":5}},{"start":{"line":39,"column":4},"end":{"line":41,"column":5}}],"line":39},"2":{"loc":{"start":{"line":47,"column":2},"end":{"line":62,"column":3}},"type":"if","locations":[{"start":{"line":47,"column":2},"end":{"line":62,"column":3}},{"start":{"line":47,"column":2},"end":{"line":62,"column":3}}],"line":47},"3":{"loc":{"start":{"line":52,"column":8},"end":{"line":58,"column":9}},"type":"if","locations":[{"start":{"line":52,"column":8},"end":{"line":58,"column":9}},{"start":{"line":52,"column":8},"end":{"line":58,"column":9}}],"line":52},"4":{"loc":{"start":{"line":86,"column":4},"end":{"line":88,"column":5}},"type":"if","locations":[{"start":{"line":86,"column":4},"end":{"line":88,"column":5}},{"start":{"line":86,"column":4},"end":{"line":88,"column":5}}],"line":86},"5":{"loc":{"start":{"line":91,"column":2},"end":{"line":91,"column":45}},"type":"binary-expr","locations":[{"start":{"line":91,"column":2},"end":{"line":91,"column":10}},{"start":{"line":91,"column":14},"end":{"line":91,"column":45}}],"line":91},"6":{"loc":{"start":{"line":104,"column":2},"end":{"line":104,"column":29}},"type":"binary-expr","locations":[{"start":{"line":104,"column":2},"end":{"line":104,"column":10}},{"start":{"line":104,"column":14},"end":{"line":104,"column":29}}],"line":104},"7":{"loc":{"start":{"line":117,"column":2},"end":{"line":117,"column":29}},"type":"binary-expr","locations":[{"start":{"line":117,"column":2},"end":{"line":117,"column":10}},{"start":{"line":117,"column":14},"end":{"line":117,"column":29}}],"line":117},"8":{"loc":{"start":{"line":150,"column":4},"end":{"line":150,"column":33}},"type":"if","locations":[{"start":{"line":150,"column":4},"end":{"line":150,"column":33}},{"start":{"line":150,"column":4},"end":{"line":150,"column":33}}],"line":150},"9":{"loc":{"start":{"line":156,"column":2},"end":{"line":159,"column":3}},"type":"if","locations":[{"start":{"line":156,"column":2},"end":{"line":159,"column":3}},{"start":{"line":156,"column":2},"end":{"line":159,"column":3}}],"line":156},"10":{"loc":{"start":{"line":161,"column":2},"end":{"line":161,"column":29}},"type":"binary-expr","locations":[{"start":{"line":161,"column":2},"end":{"line":161,"column":10}},{"start":{"line":161,"column":14},"end":{"line":161,"column":29}}],"line":161},"11":{"loc":{"start":{"line":176,"column":2},"end":{"line":180,"column":3}},"type":"if","locations":[{"start":{"line":176,"column":2},"end":{"line":180,"column":3}},{"start":{"line":176,"column":2},"end":{"line":180,"column":3}}],"line":176},"12":{"loc":{"start":{"line":182,"column":2},"end":{"line":182,"column":29}},"type":"binary-expr","locations":[{"start":{"line":182,"column":2},"end":{"line":182,"column":10}},{"start":{"line":182,"column":14},"end":{"line":182,"column":29}}],"line":182},"13":{"loc":{"start":{"line":196,"column":2},"end":{"line":198,"column":3}},"type":"if","locations":[{"start":{"line":196,"column":2},"end":{"line":198,"column":3}},{"start":{"line":196,"column":2},"end":{"line":198,"column":3}}],"line":196},"14":{"loc":{"start":{"line":206,"column":16},"end":{"line":208,"column":25}},"type":"cond-expr","locations":[{"start":{"line":207,"column":6},"end":{"line":207,"column":35}},{"start":{"line":208,"column":6},"end":{"line":208,"column":25}}],"line":206},"15":{"loc":{"start":{"line":211,"column":2},"end":{"line":215,"column":3}},"type":"if","locations":[{"start":{"line":211,"column":2},"end":{"line":215,"column":3}},{"start":{"line":211,"column":2},"end":{"line":215,"column":3}}],"line":211},"16":{"loc":{"start":{"line":211,"column":6},"end":{"line":211,"column":38}},"type":"binary-expr","locations":[{"start":{"line":211,"column":6},"end":{"line":211,"column":13}},{"start":{"line":211,"column":17},"end":{"line":211,"column":38}}],"line":211}},"s":{"0":1,"1":1,"2":1,"3":1,"4":1,"5":1,"6":1,"7":1,"8":1,"9":1,"10":0,"11":1,"12":1,"13":0,"14":0,"15":0,"16":0,"17":0,"18":0,"19":0,"20":0,"21":1,"22":1,"23":0,"24":0,"25":0,"26":0,"27":0,"28":0,"29":0,"30":0,"31":1,"32":0,"33":0,"34":0,"35":1,"36":0,"37":0,"38":0,"39":1,"40":4,"41":1,"42":0,"43":0,"44":0,"45":0,"46":1,"47":16,"48":14,"49":14,"50":16,"51":16,"52":1,"53":0,"54":0,"55":0,"56":0,"57":0,"58":4,"59":4,"60":4,"61":2,"62":2,"63":2,"64":2,"65":2,"66":2,"67":0,"68":0,"69":0,"70":2},"f":{"0":1,"1":0,"2":0,"3":0,"4":0,"5":4,"6":0,"7":0,"8":16,"9":0,"10":4},"b":{"0":[1,0],"1":[0,1],"2":[0,1],"3":[0,0],"4":[0,0],"5":[0,0],"6":[0,0],"7":[0,0],"8":[0,0],"9":[14,2],"10":[16,16],"11":[0,0],"12":[0,0],"13":[2,2],"14":[0,2],"15":[0,2],"16":[2,0]},"_coverageSchema":"43e27e138ebf9cfc5966b082cf9a028302ed4184","hash":"b075a14e6c9f2a7933c93828bc5d6755f3666073","contentHash":"1bdbcb724b68a7d1b15de7b9fc55a788"},"C:\\Users\\s530460\\Documents\\NWMSU\\GDP II\\Project\\src\\GDP-Node\\config\\mail.js":{"path":"C:\\Users\\s530460\\Documents\\NWMSU\\GDP II\\Project\\src\\GDP-Node\\config\\mail.js","statementMap":{"0":{"start":{"line":1,"column":14},"end":{"line":1,"column":32}},"1":{"start":{"line":2,"column":17},"end":{"line":2,"column":38}},"2":{"start":{"line":3,"column":14},"end":{"line":3,"column":32}},"3":{"start":{"line":4,"column":17},"end":{"line":16,"column":2}},"4":{"start":{"line":18,"column":0},"end":{"line":20,"column":3}},"5":{"start":{"line":19,"column":2},"end":{"line":19,"column":69}},"6":{"start":{"line":22,"column":0},"end":{"line":66,"column":2}},"7":{"start":{"line":24,"column":22},"end":{"line":29,"column":5}},"8":{"start":{"line":30,"column":4},"end":{"line":30,"column":43}},"9":{"start":{"line":31,"column":25},"end":{"line":31,"column":30}},"10":{"start":{"line":32,"column":4},"end":{"line":62,"column":7}},"11":{"start":{"line":33,"column":6},"end":{"line":48,"column":7}},"12":{"start":{"line":34,"column":8},"end":{"line":34,"column":50}},"13":{"start":{"line":35,"column":8},"end":{"line":35,"column":26}},"14":{"start":{"line":36,"column":8},"end":{"line":36,"column":42}},"15":{"start":{"line":37,"column":8},"end":{"line":37,"column":31}},"16":{"start":{"line":38,"column":8},"end":{"line":46,"column":9}},"17":{"start":{"line":39,"column":10},"end":{"line":45,"column":12}},"18":{"start":{"line":47,"column":8},"end":{"line":47,"column":123}},"19":{"start":{"line":49,"column":6},"end":{"line":49,"column":44}},"20":{"start":{"line":50,"column":6},"end":{"line":50,"column":39}},"21":{"start":{"line":52,"column":6},"end":{"line":59,"column":7}},"22":{"start":{"line":53,"column":8},"end":{"line":53,"column":127}},"23":{"start":{"line":54,"column":13},"end":{"line":59,"column":7}},"24":{"start":{"line":55,"column":8},"end":{"line":58,"column":10}},"25":{"start":{"line":60,"column":6},"end":{"line":60,"column":25}},"26":{"start":{"line":61,"column":6},"end":{"line":61,"column":27}}},"fnMap":{"0":{"name":"(anonymous_0)","decl":{"start":{"line":18,"column":23},"end":{"line":18,"column":24}},"loc":{"start":{"line":18,"column":40},"end":{"line":20,"column":1}},"line":18},"1":{"name":"(anonymous_1)","decl":{"start":{"line":23,"column":13},"end":{"line":23,"column":14}},"loc":{"start":{"line":23,"column":76},"end":{"line":65,"column":3}},"line":23},"2":{"name":"(anonymous_2)","decl":{"start":{"line":32,"column":37},"end":{"line":32,"column":38}},"loc":{"start":{"line":32,"column":58},"end":{"line":62,"column":5}},"line":32}},"branchMap":{"0":{"loc":{"start":{"line":33,"column":6},"end":{"line":48,"column":7}},"type":"if","locations":[{"start":{"line":33,"column":6},"end":{"line":48,"column":7}},{"start":{"line":33,"column":6},"end":{"line":48,"column":7}}],"line":33},"1":{"loc":{"start":{"line":38,"column":8},"end":{"line":46,"column":9}},"type":"if","locations":[{"start":{"line":38,"column":8},"end":{"line":46,"column":9}},{"start":{"line":38,"column":8},"end":{"line":46,"column":9}}],"line":38},"2":{"loc":{"start":{"line":52,"column":6},"end":{"line":59,"column":7}},"type":"if","locations":[{"start":{"line":52,"column":6},"end":{"line":59,"column":7}},{"start":{"line":52,"column":6},"end":{"line":59,"column":7}}],"line":52},"3":{"loc":{"start":{"line":54,"column":13},"end":{"line":59,"column":7}},"type":"if","locations":[{"start":{"line":54,"column":13},"end":{"line":59,"column":7}},{"start":{"line":54,"column":13},"end":{"line":59,"column":7}}],"line":54}},"s":{"0":1,"1":1,"2":1,"3":1,"4":1,"5":0,"6":1,"7":0,"8":0,"9":0,"10":0,"11":0,"12":0,"13":0,"14":0,"15":0,"16":0,"17":0,"18":0,"19":0,"20":0,"21":0,"22":0,"23":0,"24":0,"25":0,"26":0},"f":{"0":0,"1":0,"2":0},"b":{"0":[0,0],"1":[0,0],"2":[0,0],"3":[0,0]},"_coverageSchema":"43e27e138ebf9cfc5966b082cf9a028302ed4184","hash":"4eba428f5b764f3ed77e8ab227458b07d83fc751","contentHash":"d6bd3719c6b22dfa1762cb7b4d45b186"},"C:\\Users\\s530460\\Documents\\NWMSU\\GDP II\\Project\\src\\GDP-Node\\routes\\index.js":{"path":"C:\\Users\\s530460\\Documents\\NWMSU\\GDP II\\Project\\src\\GDP-Node\\routes\\index.js","statementMap":{"0":{"start":{"line":1,"column":16},"end":{"line":1,"column":34}},"1":{"start":{"line":2,"column":12},"end":{"line":2,"column":28}},"2":{"start":{"line":3,"column":13},"end":{"line":3,"column":28}},"3":{"start":{"line":4,"column":19},"end":{"line":4,"column":40}},"4":{"start":{"line":5,"column":0},"end":{"line":5,"column":34}},"5":{"start":{"line":8,"column":0},"end":{"line":8,"column":53}},"6":{"start":{"line":9,"column":0},"end":{"line":9,"column":52}},"7":{"start":{"line":10,"column":0},"end":{"line":10,"column":53}},"8":{"start":{"line":11,"column":0},"end":{"line":11,"column":74}},"9":{"start":{"line":12,"column":0},"end":{"line":12,"column":86}},"10":{"start":{"line":13,"column":0},"end":{"line":13,"column":85}},"11":{"start":{"line":14,"column":0},"end":{"line":14,"column":89}},"12":{"start":{"line":15,"column":0},"end":{"line":15,"column":83}},"13":{"start":{"line":16,"column":0},"end":{"line":16,"column":87}},"14":{"start":{"line":17,"column":0},"end":{"line":17,"column":79}},"15":{"start":{"line":18,"column":0},"end":{"line":18,"column":80}},"16":{"start":{"line":20,"column":0},"end":{"line":24,"column":3}},"17":{"start":{"line":21,"column":4},"end":{"line":21,"column":26}},"18":{"start":{"line":22,"column":4},"end":{"line":22,"column":17}},"19":{"start":{"line":23,"column":4},"end":{"line":23,"column":27}},"20":{"start":{"line":26,"column":0},"end":{"line":32,"column":2}},"21":{"start":{"line":27,"column":19},"end":{"line":27,"column":41}},"22":{"start":{"line":28,"column":20},"end":{"line":28,"column":46}},"23":{"start":{"line":29,"column":20},"end":{"line":29,"column":45}},"24":{"start":{"line":30,"column":15},"end":{"line":30,"column":36}},"25":{"start":{"line":31,"column":4},"end":{"line":31,"column":116}},"26":{"start":{"line":35,"column":4},"end":{"line":36,"column":22}},"27":{"start":{"line":36,"column":8},"end":{"line":36,"column":22}},"28":{"start":{"line":37,"column":4},"end":{"line":37,"column":27}},"29":{"start":{"line":40,"column":4},"end":{"line":41,"column":22}},"30":{"start":{"line":41,"column":8},"end":{"line":41,"column":22}},"31":{"start":{"line":42,"column":4},"end":{"line":42,"column":25}},"32":{"start":{"line":44,"column":0},"end":{"line":58,"column":3}},"33":{"start":{"line":45,"column":4},"end":{"line":57,"column":5}},"34":{"start":{"line":46,"column":23},"end":{"line":46,"column":90}},"35":{"start":{"line":47,"column":24},"end":{"line":47,"column":99}},"36":{"start":{"line":48,"column":8},"end":{"line":52,"column":11}},"37":{"start":{"line":54,"column":8},"end":{"line":56,"column":11}},"38":{"start":{"line":59,"column":0},"end":{"line":61,"column":3}},"39":{"start":{"line":60,"column":4},"end":{"line":60,"column":51}},"40":{"start":{"line":63,"column":0},"end":{"line":63,"column":20}}},"fnMap":{"0":{"name":"(anonymous_0)","decl":{"start":{"line":20,"column":19},"end":{"line":20,"column":20}},"loc":{"start":{"line":20,"column":39},"end":{"line":24,"column":1}},"line":20},"1":{"name":"(anonymous_1)","decl":{"start":{"line":26,"column":30},"end":{"line":26,"column":31}},"loc":{"start":{"line":26,"column":56},"end":{"line":32,"column":1}},"line":26},"2":{"name":"isAuthenticated","decl":{"start":{"line":34,"column":9},"end":{"line":34,"column":24}},"loc":{"start":{"line":34,"column":41},"end":{"line":38,"column":1}},"line":34},"3":{"name":"isAdmin","decl":{"start":{"line":39,"column":9},"end":{"line":39,"column":16}},"loc":{"start":{"line":39,"column":33},"end":{"line":43,"column":1}},"line":39},"4":{"name":"(anonymous_4)","decl":{"start":{"line":44,"column":16},"end":{"line":44,"column":17}},"loc":{"start":{"line":44,"column":36},"end":{"line":58,"column":1}},"line":44},"5":{"name":"(anonymous_5)","decl":{"start":{"line":59,"column":13},"end":{"line":59,"column":14}},"loc":{"start":{"line":59,"column":33},"end":{"line":61,"column":1}},"line":59}},"branchMap":{"0":{"loc":{"start":{"line":35,"column":4},"end":{"line":36,"column":22}},"type":"if","locations":[{"start":{"line":35,"column":4},"end":{"line":36,"column":22}},{"start":{"line":35,"column":4},"end":{"line":36,"column":22}}],"line":35},"1":{"loc":{"start":{"line":40,"column":4},"end":{"line":41,"column":22}},"type":"if","locations":[{"start":{"line":40,"column":4},"end":{"line":41,"column":22}},{"start":{"line":40,"column":4},"end":{"line":41,"column":22}}],"line":40},"2":{"loc":{"start":{"line":45,"column":4},"end":{"line":57,"column":5}},"type":"if","locations":[{"start":{"line":45,"column":4},"end":{"line":57,"column":5}},{"start":{"line":45,"column":4},"end":{"line":57,"column":5}}],"line":45},"3":{"loc":{"start":{"line":46,"column":23},"end":{"line":46,"column":90}},"type":"cond-expr","locations":[{"start":{"line":46,"column":61},"end":{"line":46,"column":83}},{"start":{"line":46,"column":86},"end":{"line":46,"column":90}}],"line":46},"4":{"loc":{"start":{"line":47,"column":24},"end":{"line":47,"column":99}},"type":"cond-expr","locations":[{"start":{"line":47,"column":66},"end":{"line":47,"column":92}},{"start":{"line":47,"column":95},"end":{"line":47,"column":99}}],"line":47}},"s":{"0":1,"1":1,"2":1,"3":1,"4":1,"5":1,"6":1,"7":1,"8":1,"9":1,"10":1,"11":1,"12":1,"13":1,"14":1,"15":1,"16":1,"17":0,"18":0,"19":0,"20":1,"21":0,"22":0,"23":0,"24":0,"25":0,"26":6,"27":0,"28":6,"29":0,"30":0,"31":0,"32":1,"33":0,"34":0,"35":0,"36":0,"37":0,"38":1,"39":0,"40":1},"f":{"0":0,"1":0,"2":6,"3":0,"4":0,"5":0},"b":{"0":[0,6],"1":[0,0],"2":[0,0],"3":[0,0],"4":[0,0]},"_coverageSchema":"43e27e138ebf9cfc5966b082cf9a028302ed4184","hash":"365ab31c827d3909f18fba4208d3f06c127f8c53","contentHash":"b2eaae903f5253785b81d54d705edc91"},"C:\\Users\\s530460\\Documents\\NWMSU\\GDP II\\Project\\src\\GDP-Node\\controllers\\login.js":{"path":"C:\\Users\\s530460\\Documents\\NWMSU\\GDP II\\Project\\src\\GDP-Node\\controllers\\login.js","statementMap":{"0":{"start":{"line":1,"column":12},"end":{"line":1,"column":28}},"1":{"start":{"line":2,"column":16},"end":{"line":2,"column":34}},"2":{"start":{"line":3,"column":12},"end":{"line":3,"column":36}},"3":{"start":{"line":4,"column":13},"end":{"line":4,"column":30}},"4":{"start":{"line":5,"column":15},"end":{"line":5,"column":34}},"5":{"start":{"line":6,"column":20},"end":{"line":6,"column":54}},"6":{"start":{"line":7,"column":17},"end":{"line":7,"column":67}},"7":{"start":{"line":8,"column":11},"end":{"line":8,"column":37}},"8":{"start":{"line":9,"column":12},"end":{"line":9,"column":44}},"9":{"start":{"line":10,"column":24},"end":{"line":10,"column":44}},"10":{"start":{"line":11,"column":19},"end":{"line":11,"column":43}},"11":{"start":{"line":12,"column":17},"end":{"line":12,"column":39}},"12":{"start":{"line":13,"column":15},"end":{"line":13,"column":31}},"13":{"start":{"line":15,"column":0},"end":{"line":50,"column":3}},"14":{"start":{"line":21,"column":4},"end":{"line":21,"column":45}},"15":{"start":{"line":22,"column":4},"end":{"line":22,"column":111}},"16":{"start":{"line":22,"column":34},"end":{"line":22,"column":109}},"17":{"start":{"line":23,"column":15},"end":{"line":23,"column":17}},"18":{"start":{"line":25,"column":4},"end":{"line":48,"column":7}},"19":{"start":{"line":26,"column":8},"end":{"line":26,"column":25}},"20":{"start":{"line":28,"column":8},"end":{"line":28,"column":96}},"21":{"start":{"line":28,"column":17},"end":{"line":28,"column":96}},"22":{"start":{"line":30,"column":8},"end":{"line":30,"column":110}},"23":{"start":{"line":30,"column":28},"end":{"line":30,"column":108}},"24":{"start":{"line":31,"column":8},"end":{"line":31,"column":36}},"25":{"start":{"line":32,"column":26},"end":{"line":32,"column":78}},"26":{"start":{"line":33,"column":25},"end":{"line":33,"column":41}},"27":{"start":{"line":34,"column":8},"end":{"line":34,"column":51}},"28":{"start":{"line":35,"column":8},"end":{"line":35,"column":52}},"29":{"start":{"line":36,"column":8},"end":{"line":38,"column":9}},"30":{"start":{"line":37,"column":12},"end":{"line":37,"column":92}},"31":{"start":{"line":39,"column":8},"end":{"line":39,"column":30}},"32":{"start":{"line":40,"column":8},"end":{"line":40,"column":34}},"33":{"start":{"line":41,"column":8},"end":{"line":41,"column":35}},"34":{"start":{"line":42,"column":8},"end":{"line":46,"column":9}},"35":{"start":{"line":43,"column":12},"end":{"line":43,"column":44}},"36":{"start":{"line":45,"column":12},"end":{"line":45,"column":54}},"37":{"start":{"line":47,"column":8},"end":{"line":47,"column":35}},"38":{"start":{"line":53,"column":0},"end":{"line":55,"column":3}},"39":{"start":{"line":54,"column":4},"end":{"line":54,"column":24}},"40":{"start":{"line":56,"column":0},"end":{"line":61,"column":3}},"41":{"start":{"line":57,"column":4},"end":{"line":59,"column":7}},"42":{"start":{"line":58,"column":8},"end":{"line":58,"column":27}},"43":{"start":{"line":63,"column":0},"end":{"line":65,"column":3}},"44":{"start":{"line":64,"column":4},"end":{"line":64,"column":77}},"45":{"start":{"line":67,"column":0},"end":{"line":74,"column":3}},"46":{"start":{"line":73,"column":4},"end":{"line":73,"column":76}},"47":{"start":{"line":76,"column":0},"end":{"line":76,"column":23}}},"fnMap":{"0":{"name":"callback","decl":{"start":{"line":20,"column":12},"end":{"line":20,"column":20}},"loc":{"start":{"line":20,"column":52},"end":{"line":49,"column":1}},"line":20},"1":{"name":"(anonymous_1)","decl":{"start":{"line":25,"column":76},"end":{"line":25,"column":77}},"loc":{"start":{"line":25,"column":97},"end":{"line":48,"column":5}},"line":25},"2":{"name":"(anonymous_2)","decl":{"start":{"line":53,"column":23},"end":{"line":53,"column":24}},"loc":{"start":{"line":53,"column":45},"end":{"line":55,"column":1}},"line":53},"3":{"name":"(anonymous_3)","decl":{"start":{"line":56,"column":25},"end":{"line":56,"column":26}},"loc":{"start":{"line":56,"column":45},"end":{"line":61,"column":1}},"line":56},"4":{"name":"(anonymous_4)","decl":{"start":{"line":57,"column":65},"end":{"line":57,"column":66}},"loc":{"start":{"line":57,"column":86},"end":{"line":59,"column":5}},"line":57},"5":{"name":"(anonymous_5)","decl":{"start":{"line":63,"column":16},"end":{"line":63,"column":17}},"loc":{"start":{"line":63,"column":36},"end":{"line":65,"column":1}},"line":63},"6":{"name":"(anonymous_6)","decl":{"start":{"line":71,"column":4},"end":{"line":71,"column":5}},"loc":{"start":{"line":71,"column":30},"end":{"line":74,"column":1}},"line":71}},"branchMap":{"0":{"loc":{"start":{"line":22,"column":4},"end":{"line":22,"column":111}},"type":"if","locations":[{"start":{"line":22,"column":4},"end":{"line":22,"column":111}},{"start":{"line":22,"column":4},"end":{"line":22,"column":111}}],"line":22},"1":{"loc":{"start":{"line":22,"column":8},"end":{"line":22,"column":30}},"type":"binary-expr","locations":[{"start":{"line":22,"column":8},"end":{"line":22,"column":17}},{"start":{"line":22,"column":21},"end":{"line":22,"column":30}}],"line":22},"2":{"loc":{"start":{"line":28,"column":8},"end":{"line":28,"column":96}},"type":"if","locations":[{"start":{"line":28,"column":8},"end":{"line":28,"column":96}},{"start":{"line":28,"column":8},"end":{"line":28,"column":96}}],"line":28},"3":{"loc":{"start":{"line":30,"column":8},"end":{"line":30,"column":110}},"type":"if","locations":[{"start":{"line":30,"column":8},"end":{"line":30,"column":110}},{"start":{"line":30,"column":8},"end":{"line":30,"column":110}}],"line":30},"4":{"loc":{"start":{"line":36,"column":8},"end":{"line":38,"column":9}},"type":"if","locations":[{"start":{"line":36,"column":8},"end":{"line":38,"column":9}},{"start":{"line":36,"column":8},"end":{"line":38,"column":9}}],"line":36},"5":{"loc":{"start":{"line":42,"column":8},"end":{"line":46,"column":9}},"type":"if","locations":[{"start":{"line":42,"column":8},"end":{"line":46,"column":9}},{"start":{"line":42,"column":8},"end":{"line":46,"column":9}}],"line":42}},"s":{"0":1,"1":1,"2":1,"3":1,"4":1,"5":1,"6":1,"7":1,"8":1,"9":1,"10":1,"11":1,"12":1,"13":1,"14":0,"15":0,"16":0,"17":0,"18":0,"19":0,"20":0,"21":0,"22":0,"23":0,"24":0,"25":0,"26":0,"27":0,"28":0,"29":0,"30":0,"31":0,"32":0,"33":0,"34":0,"35":0,"36":0,"37":0,"38":1,"39":0,"40":1,"41":0,"42":0,"43":1,"44":8,"45":1,"46":0,"47":1},"f":{"0":0,"1":0,"2":0,"3":0,"4":0,"5":8,"6":0},"b":{"0":[0,0],"1":[0,0],"2":[0,0],"3":[0,0],"4":[0,0],"5":[0,0]},"_coverageSchema":"43e27e138ebf9cfc5966b082cf9a028302ed4184","hash":"d6ac9658514b894c87cf13e58d230baa71f8d4fc","contentHash":"b6bcbbb01345d7585e4200bf89c4b641"},"C:\\Users\\s530460\\Documents\\NWMSU\\GDP II\\Project\\src\\GDP-Node\\controllers\\reset_password.js":{"path":"C:\\Users\\s530460\\Documents\\NWMSU\\GDP II\\Project\\src\\GDP-Node\\controllers\\reset_password.js","statementMap":{"0":{"start":{"line":1,"column":16},"end":{"line":1,"column":34}},"1":{"start":{"line":2,"column":15},"end":{"line":2,"column":31}},"2":{"start":{"line":3,"column":19},"end":{"line":3,"column":69}},"3":{"start":{"line":4,"column":15},"end":{"line":4,"column":32}},"4":{"start":{"line":7,"column":0},"end":{"line":18,"column":7}},"5":{"start":{"line":8,"column":4},"end":{"line":17,"column":7}},"6":{"start":{"line":9,"column":6},"end":{"line":15,"column":7}},"7":{"start":{"line":10,"column":8},"end":{"line":10,"column":46}},"8":{"start":{"line":11,"column":8},"end":{"line":11,"column":121}},"9":{"start":{"line":14,"column":8},"end":{"line":14,"column":52}},"10":{"start":{"line":21,"column":0},"end":{"line":38,"column":7}},"11":{"start":{"line":22,"column":18},"end":{"line":22,"column":35}},"12":{"start":{"line":23,"column":22},"end":{"line":23,"column":47}},"13":{"start":{"line":24,"column":20},"end":{"line":24,"column":34}},"14":{"start":{"line":25,"column":8},"end":{"line":36,"column":9}},"15":{"start":{"line":26,"column":10},"end":{"line":26,"column":77}},"16":{"start":{"line":27,"column":10},"end":{"line":32,"column":11}},"17":{"start":{"line":28,"column":12},"end":{"line":28,"column":34}},"18":{"start":{"line":29,"column":12},"end":{"line":31,"column":13}},"19":{"start":{"line":30,"column":16},"end":{"line":30,"column":95}},"20":{"start":{"line":35,"column":10},"end":{"line":35,"column":99}},"21":{"start":{"line":40,"column":4},"end":{"line":40,"column":28}}},"fnMap":{"0":{"name":"(anonymous_0)","decl":{"start":{"line":7,"column":32},"end":{"line":7,"column":33}},"loc":{"start":{"line":7,"column":51},"end":{"line":18,"column":5}},"line":7},"1":{"name":"(anonymous_1)","decl":{"start":{"line":8,"column":89},"end":{"line":8,"column":90}},"loc":{"start":{"line":8,"column":108},"end":{"line":17,"column":5}},"line":8},"2":{"name":"(anonymous_2)","decl":{"start":{"line":21,"column":25},"end":{"line":21,"column":26}},"loc":{"start":{"line":21,"column":43},"end":{"line":38,"column":5}},"line":21},"3":{"name":"(anonymous_3)","decl":{"start":{"line":27,"column":127},"end":{"line":27,"column":128}},"loc":{"start":{"line":27,"column":146},"end":{"line":32,"column":9}},"line":27}},"branchMap":{"0":{"loc":{"start":{"line":9,"column":6},"end":{"line":15,"column":7}},"type":"if","locations":[{"start":{"line":9,"column":6},"end":{"line":15,"column":7}},{"start":{"line":9,"column":6},"end":{"line":15,"column":7}}],"line":9},"1":{"loc":{"start":{"line":25,"column":8},"end":{"line":36,"column":9}},"type":"if","locations":[{"start":{"line":25,"column":8},"end":{"line":36,"column":9}},{"start":{"line":25,"column":8},"end":{"line":36,"column":9}}],"line":25},"2":{"loc":{"start":{"line":29,"column":12},"end":{"line":31,"column":13}},"type":"if","locations":[{"start":{"line":29,"column":12},"end":{"line":31,"column":13}},{"start":{"line":29,"column":12},"end":{"line":31,"column":13}}],"line":29}},"s":{"0":1,"1":1,"2":1,"3":1,"4":1,"5":0,"6":0,"7":0,"8":0,"9":0,"10":1,"11":0,"12":0,"13":0,"14":0,"15":0,"16":0,"17":0,"18":0,"19":0,"20":0,"21":1},"f":{"0":0,"1":0,"2":0,"3":0},"b":{"0":[0,0],"1":[0,0],"2":[0,0]},"_coverageSchema":"43e27e138ebf9cfc5966b082cf9a028302ed4184","hash":"c0c66b32f483f208c2c568955895a94ebe775c02","contentHash":"9ed7d40ef18d56078142e3b591746e77"},"C:\\Users\\s530460\\Documents\\NWMSU\\GDP II\\Project\\src\\GDP-Node\\controllers\\forgot_password.js":{"path":"C:\\Users\\s530460\\Documents\\NWMSU\\GDP II\\Project\\src\\GDP-Node\\controllers\\forgot_password.js","statementMap":{"0":{"start":{"line":1,"column":16},"end":{"line":1,"column":34}},"1":{"start":{"line":2,"column":15},"end":{"line":2,"column":31}},"2":{"start":{"line":3,"column":19},"end":{"line":3,"column":69}},"3":{"start":{"line":4,"column":15},"end":{"line":4,"column":32}},"4":{"start":{"line":5,"column":16},"end":{"line":5,"column":34}},"5":{"start":{"line":6,"column":9},"end":{"line":6,"column":22}},"6":{"start":{"line":8,"column":0},"end":{"line":15,"column":3}},"7":{"start":{"line":9,"column":2},"end":{"line":13,"column":47}},"8":{"start":{"line":14,"column":2},"end":{"line":14,"column":77}},"9":{"start":{"line":17,"column":14},"end":{"line":17,"column":28}},"10":{"start":{"line":18,"column":18},"end":{"line":18,"column":20}},"11":{"start":{"line":19,"column":2},"end":{"line":21,"column":5}},"12":{"start":{"line":20,"column":6},"end":{"line":20,"column":79}},"13":{"start":{"line":22,"column":2},"end":{"line":22,"column":48}},"14":{"start":{"line":25,"column":2},"end":{"line":29,"column":3}},"15":{"start":{"line":26,"column":13},"end":{"line":26,"column":48}},"16":{"start":{"line":27,"column":4},"end":{"line":27,"column":19}},"17":{"start":{"line":28,"column":4},"end":{"line":28,"column":46}},"18":{"start":{"line":31,"column":0},"end":{"line":64,"column":3}},"19":{"start":{"line":32,"column":17},"end":{"line":32,"column":34}},"20":{"start":{"line":34,"column":2},"end":{"line":63,"column":5}},"21":{"start":{"line":35,"column":4},"end":{"line":35,"column":21}},"22":{"start":{"line":36,"column":4},"end":{"line":62,"column":5}},"23":{"start":{"line":38,"column":21},"end":{"line":38,"column":59}},"24":{"start":{"line":39,"column":6},"end":{"line":56,"column":9}},"25":{"start":{"line":40,"column":20},"end":{"line":40,"column":39}},"26":{"start":{"line":41,"column":8},"end":{"line":55,"column":11}},"27":{"start":{"line":43,"column":10},"end":{"line":54,"column":11}},"28":{"start":{"line":44,"column":26},"end":{"line":44,"column":51}},"29":{"start":{"line":46,"column":35},"end":{"line":46,"column":44}},"30":{"start":{"line":47,"column":14},"end":{"line":47,"column":68}},"31":{"start":{"line":48,"column":14},"end":{"line":48,"column":52}},"32":{"start":{"line":49,"column":28},"end":{"line":49,"column":55}},"33":{"start":{"line":50,"column":25},"end":{"line":50,"column":1248}},"34":{"start":{"line":51,"column":31},"end":{"line":51,"column":86}},"35":{"start":{"line":52,"column":14},"end":{"line":52,"column":51}},"36":{"start":{"line":61,"column":6},"end":{"line":61,"column":97}},"37":{"start":{"line":65,"column":0},"end":{"line":65,"column":24}}},"fnMap":{"0":{"name":"(anonymous_0)","decl":{"start":{"line":8,"column":26},"end":{"line":8,"column":27}},"loc":{"start":{"line":8,"column":46},"end":{"line":15,"column":1}},"line":8},"1":{"name":"camelize","decl":{"start":{"line":16,"column":9},"end":{"line":16,"column":17}},"loc":{"start":{"line":16,"column":23},"end":{"line":23,"column":1}},"line":16},"2":{"name":"(anonymous_2)","decl":{"start":{"line":19,"column":16},"end":{"line":19,"column":17}},"loc":{"start":{"line":19,"column":24},"end":{"line":21,"column":3}},"line":19},"3":{"name":"getIP","decl":{"start":{"line":24,"column":9},"end":{"line":24,"column":14}},"loc":{"start":{"line":24,"column":16},"end":{"line":30,"column":1}},"line":24},"4":{"name":"(anonymous_4)","decl":{"start":{"line":25,"column":38},"end":{"line":25,"column":39}},"loc":{"start":{"line":25,"column":57},"end":{"line":29,"column":2}},"line":25},"5":{"name":"(anonymous_5)","decl":{"start":{"line":31,"column":27},"end":{"line":31,"column":28}},"loc":{"start":{"line":31,"column":47},"end":{"line":64,"column":1}},"line":31},"6":{"name":"(anonymous_6)","decl":{"start":{"line":34,"column":74},"end":{"line":34,"column":75}},"loc":{"start":{"line":34,"column":95},"end":{"line":63,"column":3}},"line":34},"7":{"name":"(anonymous_7)","decl":{"start":{"line":39,"column":29},"end":{"line":39,"column":30}},"loc":{"start":{"line":39,"column":49},"end":{"line":56,"column":7}},"line":39},"8":{"name":"(anonymous_8)","decl":{"start":{"line":41,"column":99},"end":{"line":41,"column":100}},"loc":{"start":{"line":41,"column":120},"end":{"line":55,"column":9}},"line":41}},"branchMap":{"0":{"loc":{"start":{"line":36,"column":4},"end":{"line":62,"column":5}},"type":"if","locations":[{"start":{"line":36,"column":4},"end":{"line":62,"column":5}},{"start":{"line":36,"column":4},"end":{"line":62,"column":5}}],"line":36},"1":{"loc":{"start":{"line":43,"column":10},"end":{"line":54,"column":11}},"type":"if","locations":[{"start":{"line":43,"column":10},"end":{"line":54,"column":11}},{"start":{"line":43,"column":10},"end":{"line":54,"column":11}}],"line":43},"2":{"loc":{"start":{"line":47,"column":32},"end":{"line":47,"column":68}},"type":"binary-expr","locations":[{"start":{"line":47,"column":32},"end":{"line":47,"column":52}},{"start":{"line":47,"column":55},"end":{"line":47,"column":68}}],"line":47}},"s":{"0":1,"1":1,"2":1,"3":1,"4":1,"5":1,"6":1,"7":0,"8":0,"9":0,"10":0,"11":0,"12":0,"13":0,"14":0,"15":0,"16":0,"17":0,"18":1,"19":0,"20":0,"21":0,"22":0,"23":0,"24":0,"25":0,"26":0,"27":0,"28":0,"29":0,"30":0,"31":0,"32":0,"33":0,"34":0,"35":0,"36":0,"37":1},"f":{"0":0,"1":0,"2":0,"3":0,"4":0,"5":0,"6":0,"7":0,"8":0},"b":{"0":[0,0],"1":[0,0],"2":[0,0]},"_coverageSchema":"43e27e138ebf9cfc5966b082cf9a028302ed4184","hash":"238ffe646028422e2299557e7f4f5612c256663b","contentHash":"79e3ff4f2823aff3d8776bee6e6208b1"},"C:\\Users\\s530460\\Documents\\NWMSU\\GDP II\\Project\\src\\GDP-Node\\controllers\\profile.js":{"path":"C:\\Users\\s530460\\Documents\\NWMSU\\GDP II\\Project\\src\\GDP-Node\\controllers\\profile.js","statementMap":{"0":{"start":{"line":1,"column":14},"end":{"line":1,"column":32}},"1":{"start":{"line":2,"column":12},"end":{"line":2,"column":28}},"2":{"start":{"line":3,"column":13},"end":{"line":3,"column":30}},"3":{"start":{"line":4,"column":14},"end":{"line":4,"column":36}},"4":{"start":{"line":5,"column":17},"end":{"line":5,"column":51}},"5":{"start":{"line":6,"column":17},"end":{"line":6,"column":39}},"6":{"start":{"line":7,"column":15},"end":{"line":7,"column":31}},"7":{"start":{"line":8,"column":15},"end":{"line":8,"column":32}},"8":{"start":{"line":11,"column":14},"end":{"line":11,"column":16}},"9":{"start":{"line":12,"column":0},"end":{"line":20,"column":2}},"10":{"start":{"line":13,"column":4},"end":{"line":19,"column":6}},"11":{"start":{"line":21,"column":0},"end":{"line":21,"column":55}},"12":{"start":{"line":23,"column":0},"end":{"line":40,"column":3}},"13":{"start":{"line":24,"column":4},"end":{"line":24,"column":30}},"14":{"start":{"line":25,"column":20},"end":{"line":25,"column":94}},"15":{"start":{"line":26,"column":4},"end":{"line":38,"column":7}},"16":{"start":{"line":27,"column":8},"end":{"line":31,"column":9}},"17":{"start":{"line":28,"column":12},"end":{"line":28,"column":27}},"18":{"start":{"line":29,"column":12},"end":{"line":29,"column":42}},"19":{"start":{"line":30,"column":12},"end":{"line":30,"column":22}},"20":{"start":{"line":33,"column":8},"end":{"line":33,"column":41}},"21":{"start":{"line":34,"column":8},"end":{"line":34,"column":22}},"22":{"start":{"line":35,"column":8},"end":{"line":35,"column":65}},"23":{"start":{"line":36,"column":8},"end":{"line":36,"column":63}},"24":{"start":{"line":37,"column":8},"end":{"line":37,"column":38}},"25":{"start":{"line":42,"column":0},"end":{"line":42,"column":23}}},"fnMap":{"0":{"name":"(anonymous_0)","decl":{"start":{"line":12,"column":16},"end":{"line":12,"column":17}},"loc":{"start":{"line":12,"column":36},"end":{"line":20,"column":1}},"line":12},"1":{"name":"(anonymous_1)","decl":{"start":{"line":23,"column":28},"end":{"line":23,"column":29}},"loc":{"start":{"line":23,"column":57},"end":{"line":40,"column":1}},"line":23},"2":{"name":"(anonymous_2)","decl":{"start":{"line":26,"column":207},"end":{"line":26,"column":208}},"loc":{"start":{"line":26,"column":230},"end":{"line":38,"column":5}},"line":26}},"branchMap":{"0":{"loc":{"start":{"line":27,"column":8},"end":{"line":31,"column":9}},"type":"if","locations":[{"start":{"line":27,"column":8},"end":{"line":31,"column":9}},{"start":{"line":27,"column":8},"end":{"line":31,"column":9}}],"line":27}},"s":{"0":1,"1":1,"2":1,"3":1,"4":1,"5":1,"6":1,"7":1,"8":1,"9":1,"10":0,"11":1,"12":1,"13":0,"14":0,"15":0,"16":0,"17":0,"18":0,"19":0,"20":0,"21":0,"22":0,"23":0,"24":0,"25":1},"f":{"0":0,"1":0,"2":0},"b":{"0":[0,0]},"_coverageSchema":"43e27e138ebf9cfc5966b082cf9a028302ed4184","hash":"45ed10299379ca34cc4fa8cf60da60e3c8da90af","contentHash":"4195096813e3ab1e6ac41a31a12f196b"},"C:\\Users\\s530460\\Documents\\NWMSU\\GDP II\\Project\\src\\GDP-Node\\controllers\\profile_password.js":{"path":"C:\\Users\\s530460\\Documents\\NWMSU\\GDP II\\Project\\src\\GDP-Node\\controllers\\profile_password.js","statementMap":{"0":{"start":{"line":1,"column":14},"end":{"line":1,"column":32}},"1":{"start":{"line":2,"column":12},"end":{"line":2,"column":28}},"2":{"start":{"line":3,"column":13},"end":{"line":3,"column":30}},"3":{"start":{"line":4,"column":14},"end":{"line":4,"column":36}},"4":{"start":{"line":5,"column":17},"end":{"line":5,"column":51}},"5":{"start":{"line":6,"column":17},"end":{"line":6,"column":39}},"6":{"start":{"line":7,"column":15},"end":{"line":7,"column":31}},"7":{"start":{"line":8,"column":15},"end":{"line":8,"column":32}},"8":{"start":{"line":11,"column":14},"end":{"line":11,"column":16}},"9":{"start":{"line":12,"column":0},"end":{"line":17,"column":2}},"10":{"start":{"line":13,"column":4},"end":{"line":16,"column":6}},"11":{"start":{"line":18,"column":0},"end":{"line":18,"column":55}},"12":{"start":{"line":20,"column":0},"end":{"line":35,"column":3}},"13":{"start":{"line":21,"column":4},"end":{"line":21,"column":30}},"14":{"start":{"line":22,"column":20},"end":{"line":22,"column":94}},"15":{"start":{"line":23,"column":4},"end":{"line":33,"column":7}},"16":{"start":{"line":24,"column":8},"end":{"line":28,"column":9}},"17":{"start":{"line":25,"column":12},"end":{"line":25,"column":27}},"18":{"start":{"line":26,"column":12},"end":{"line":26,"column":42}},"19":{"start":{"line":27,"column":12},"end":{"line":27,"column":22}},"20":{"start":{"line":30,"column":8},"end":{"line":30,"column":41}},"21":{"start":{"line":31,"column":8},"end":{"line":31,"column":22}},"22":{"start":{"line":32,"column":8},"end":{"line":32,"column":38}},"23":{"start":{"line":37,"column":0},"end":{"line":37,"column":23}}},"fnMap":{"0":{"name":"(anonymous_0)","decl":{"start":{"line":12,"column":16},"end":{"line":12,"column":17}},"loc":{"start":{"line":12,"column":36},"end":{"line":17,"column":1}},"line":12},"1":{"name":"(anonymous_1)","decl":{"start":{"line":20,"column":32},"end":{"line":20,"column":33}},"loc":{"start":{"line":20,"column":61},"end":{"line":35,"column":1}},"line":20},"2":{"name":"(anonymous_2)","decl":{"start":{"line":23,"column":105},"end":{"line":23,"column":106}},"loc":{"start":{"line":23,"column":128},"end":{"line":33,"column":5}},"line":23}},"branchMap":{"0":{"loc":{"start":{"line":24,"column":8},"end":{"line":28,"column":9}},"type":"if","locations":[{"start":{"line":24,"column":8},"end":{"line":28,"column":9}},{"start":{"line":24,"column":8},"end":{"line":28,"column":9}}],"line":24}},"s":{"0":1,"1":1,"2":1,"3":1,"4":1,"5":1,"6":1,"7":1,"8":1,"9":1,"10":0,"11":1,"12":1,"13":0,"14":0,"15":0,"16":0,"17":0,"18":0,"19":0,"20":0,"21":0,"22":0,"23":1},"f":{"0":0,"1":0,"2":0},"b":{"0":[0,0]},"_coverageSchema":"43e27e138ebf9cfc5966b082cf9a028302ed4184","hash":"42b27e86f114d32eacfb3c3ae8dfe8f79be3b102","contentHash":"b1ab0eb0db91f20b9662d9725558f017"},"C:\\Users\\s530460\\Documents\\NWMSU\\GDP II\\Project\\src\\GDP-Node\\controllers\\data_import.js":{"path":"C:\\Users\\s530460\\Documents\\NWMSU\\GDP II\\Project\\src\\GDP-Node\\controllers\\data_import.js","statementMap":{"0":{"start":{"line":1,"column":11},"end":{"line":1,"column":26}},"1":{"start":{"line":2,"column":13},"end":{"line":2,"column":30}},"2":{"start":{"line":3,"column":17},"end":{"line":3,"column":40}},"3":{"start":{"line":4,"column":12},"end":{"line":4,"column":37}},"4":{"start":{"line":5,"column":10},"end":{"line":5,"column":26}},"5":{"start":{"line":6,"column":16},"end":{"line":6,"column":34}},"6":{"start":{"line":7,"column":15},"end":{"line":7,"column":31}},"7":{"start":{"line":8,"column":19},"end":{"line":8,"column":40}},"8":{"start":{"line":10,"column":11},"end":{"line":16,"column":1}},"9":{"start":{"line":17,"column":20},"end":{"line":22,"column":2}},"10":{"start":{"line":23,"column":17},"end":{"line":34,"column":2}},"11":{"start":{"line":36,"column":0},"end":{"line":36,"column":48}},"12":{"start":{"line":37,"column":0},"end":{"line":43,"column":2}},"13":{"start":{"line":38,"column":19},"end":{"line":38,"column":41}},"14":{"start":{"line":39,"column":20},"end":{"line":39,"column":46}},"15":{"start":{"line":40,"column":4},"end":{"line":42,"column":6}},"16":{"start":{"line":44,"column":0},"end":{"line":80,"column":2}},"17":{"start":{"line":46,"column":18},"end":{"line":46,"column":20}},"18":{"start":{"line":47,"column":21},"end":{"line":47,"column":23}},"19":{"start":{"line":48,"column":15},"end":{"line":48,"column":44}},"20":{"start":{"line":49,"column":4},"end":{"line":74,"column":7}},"21":{"start":{"line":50,"column":16},"end":{"line":50,"column":44}},"22":{"start":{"line":52,"column":20},"end":{"line":60,"column":10}},"23":{"start":{"line":61,"column":8},"end":{"line":61,"column":35}},"24":{"start":{"line":62,"column":8},"end":{"line":65,"column":9}},"25":{"start":{"line":63,"column":12},"end":{"line":63,"column":22}},"26":{"start":{"line":64,"column":12},"end":{"line":64,"column":109}},"27":{"start":{"line":66,"column":8},"end":{"line":66,"column":57}},"28":{"start":{"line":67,"column":8},"end":{"line":72,"column":9}},"29":{"start":{"line":68,"column":22},"end":{"line":68,"column":39}},"30":{"start":{"line":69,"column":23},"end":{"line":69,"column":42}},"31":{"start":{"line":70,"column":24},"end":{"line":70,"column":28}},"32":{"start":{"line":71,"column":12},"end":{"line":71,"column":85}},"33":{"start":{"line":71,"column":27},"end":{"line":71,"column":80}},"34":{"start":{"line":79,"column":4},"end":{"line":79,"column":21}},"35":{"start":{"line":82,"column":4},"end":{"line":97,"column":9}},"36":{"start":{"line":84,"column":8},"end":{"line":86,"column":9}},"37":{"start":{"line":85,"column":8},"end":{"line":85,"column":154}},"38":{"start":{"line":87,"column":8},"end":{"line":87,"column":160}},"39":{"start":{"line":89,"column":12},"end":{"line":91,"column":13}},"40":{"start":{"line":90,"column":16},"end":{"line":90,"column":51}},"41":{"start":{"line":93,"column":8},"end":{"line":93,"column":206}},"42":{"start":{"line":94,"column":8},"end":{"line":96,"column":9}},"43":{"start":{"line":95,"column":8},"end":{"line":95,"column":262}},"44":{"start":{"line":99,"column":0},"end":{"line":99,"column":23}}},"fnMap":{"0":{"name":"(anonymous_0)","decl":{"start":{"line":37,"column":16},"end":{"line":37,"column":17}},"loc":{"start":{"line":37,"column":36},"end":{"line":43,"column":1}},"line":37},"1":{"name":"(anonymous_1)","decl":{"start":{"line":44,"column":17},"end":{"line":44,"column":18}},"loc":{"start":{"line":44,"column":37},"end":{"line":80,"column":1}},"line":44},"2":{"name":"(anonymous_2)","decl":{"start":{"line":49,"column":20},"end":{"line":49,"column":21}},"loc":{"start":{"line":49,"column":50},"end":{"line":74,"column":5}},"line":49},"3":{"name":"(anonymous_3)","decl":{"start":{"line":71,"column":13},"end":{"line":71,"column":14}},"loc":{"start":{"line":71,"column":25},"end":{"line":71,"column":81}},"line":71},"4":{"name":"util","decl":{"start":{"line":81,"column":9},"end":{"line":81,"column":13}},"loc":{"start":{"line":81,"column":49},"end":{"line":98,"column":1}},"line":81},"5":{"name":"(anonymous_5)","decl":{"start":{"line":82,"column":5},"end":{"line":82,"column":6}},"loc":{"start":{"line":82,"column":17},"end":{"line":97,"column":5}},"line":82}},"branchMap":{"0":{"loc":{"start":{"line":84,"column":8},"end":{"line":86,"column":9}},"type":"if","locations":[{"start":{"line":84,"column":8},"end":{"line":86,"column":9}},{"start":{"line":84,"column":8},"end":{"line":86,"column":9}}],"line":84},"1":{"loc":{"start":{"line":94,"column":8},"end":{"line":96,"column":9}},"type":"if","locations":[{"start":{"line":94,"column":8},"end":{"line":96,"column":9}},{"start":{"line":94,"column":8},"end":{"line":96,"column":9}}],"line":94}},"s":{"0":1,"1":1,"2":1,"3":1,"4":1,"5":1,"6":1,"7":1,"8":1,"9":1,"10":1,"11":1,"12":1,"13":0,"14":0,"15":0,"16":1,"17":0,"18":0,"19":0,"20":0,"21":0,"22":0,"23":0,"24":0,"25":0,"26":0,"27":0,"28":0,"29":0,"30":0,"31":0,"32":0,"33":0,"34":0,"35":0,"36":0,"37":0,"38":0,"39":0,"40":0,"41":0,"42":0,"43":0,"44":1},"f":{"0":0,"1":0,"2":0,"3":0,"4":0,"5":0},"b":{"0":[0,0],"1":[0,0]},"_coverageSchema":"43e27e138ebf9cfc5966b082cf9a028302ed4184","hash":"94f6dc8d6eb062e16036800edc5b620ec53d7b51","contentHash":"da1a8b74dc66653333278f1d0548afb3"},"C:\\Users\\s530460\\Documents\\NWMSU\\GDP II\\Project\\src\\GDP-Node\\controllers\\SheetJSSQL.js":{"path":"C:\\Users\\s530460\\Documents\\NWMSU\\GDP II\\Project\\src\\GDP-Node\\controllers\\SheetJSSQL.js","statementMap":{"0":{"start":{"line":3,"column":17},"end":{"line":132,"column":4}},"1":{"start":{"line":6,"column":4},"end":{"line":8,"column":48}},"2":{"start":{"line":6,"column":37},"end":{"line":6,"column":46}},"3":{"start":{"line":7,"column":9},"end":{"line":8,"column":48}},"4":{"start":{"line":7,"column":45},"end":{"line":7,"column":65}},"5":{"start":{"line":8,"column":9},"end":{"line":8,"column":48}},"6":{"start":{"line":10,"column":17},"end":{"line":29,"column":5}},"7":{"start":{"line":32,"column":20},"end":{"line":32,"column":44}},"8":{"start":{"line":33,"column":8},"end":{"line":33,"column":39}},"9":{"start":{"line":33,"column":32},"end":{"line":33,"column":39}},"10":{"start":{"line":34,"column":20},"end":{"line":34,"column":52}},"11":{"start":{"line":35,"column":8},"end":{"line":35,"column":72}},"12":{"start":{"line":35,"column":65},"end":{"line":35,"column":72}},"13":{"start":{"line":36,"column":16},"end":{"line":36,"column":25}},"14":{"start":{"line":37,"column":16},"end":{"line":37,"column":25}},"15":{"start":{"line":39,"column":20},"end":{"line":39,"column":56}},"16":{"start":{"line":40,"column":8},"end":{"line":46,"column":9}},"17":{"start":{"line":41,"column":23},"end":{"line":44,"column":14}},"18":{"start":{"line":45,"column":12},"end":{"line":45,"column":81}},"19":{"start":{"line":48,"column":8},"end":{"line":54,"column":17}},"20":{"start":{"line":49,"column":12},"end":{"line":54,"column":17}},"21":{"start":{"line":50,"column":16},"end":{"line":54,"column":17}},"22":{"start":{"line":51,"column":32},"end":{"line":51,"column":56}},"23":{"start":{"line":52,"column":20},"end":{"line":52,"column":60}},"24":{"start":{"line":52,"column":51},"end":{"line":52,"column":60}},"25":{"start":{"line":53,"column":20},"end":{"line":53,"column":37}},"26":{"start":{"line":56,"column":20},"end":{"line":56,"column":56}},"27":{"start":{"line":57,"column":8},"end":{"line":84,"column":9}},"28":{"start":{"line":58,"column":23},"end":{"line":58,"column":25}},"29":{"start":{"line":59,"column":24},"end":{"line":59,"column":26}},"30":{"start":{"line":60,"column":12},"end":{"line":66,"column":29}},"31":{"start":{"line":61,"column":16},"end":{"line":66,"column":29}},"32":{"start":{"line":67,"column":12},"end":{"line":82,"column":13}},"33":{"start":{"line":67,"column":36},"end":{"line":67,"column":52}},"34":{"start":{"line":68,"column":17},"end":{"line":82,"column":13}},"35":{"start":{"line":68,"column":60},"end":{"line":68,"column":76}},"36":{"start":{"line":69,"column":17},"end":{"line":82,"column":13}},"37":{"start":{"line":71,"column":20},"end":{"line":71,"column":36}},"38":{"start":{"line":72,"column":20},"end":{"line":72,"column":26}},"39":{"start":{"line":74,"column":20},"end":{"line":74,"column":36}},"40":{"start":{"line":75,"column":20},"end":{"line":75,"column":26}},"41":{"start":{"line":77,"column":20},"end":{"line":77,"column":36}},"42":{"start":{"line":78,"column":20},"end":{"line":78,"column":26}},"43":{"start":{"line":80,"column":20},"end":{"line":80,"column":36}},"44":{"start":{"line":81,"column":20},"end":{"line":81,"column":26}},"45":{"start":{"line":83,"column":12},"end":{"line":83,"column":52}},"46":{"start":{"line":86,"column":18},"end":{"line":86,"column":20}},"47":{"start":{"line":88,"column":17},"end":{"line":88,"column":43}},"48":{"start":{"line":89,"column":16},"end":{"line":89,"column":43}},"49":{"start":{"line":90,"column":16},"end":{"line":90,"column":45}},"50":{"start":{"line":91,"column":8},"end":{"line":91,"column":64}},"51":{"start":{"line":92,"column":8},"end":{"line":94,"column":30}},"52":{"start":{"line":93,"column":12},"end":{"line":93,"column":60}},"53":{"start":{"line":96,"column":8},"end":{"line":117,"column":9}},"54":{"start":{"line":97,"column":25},"end":{"line":97,"column":27}},"55":{"start":{"line":98,"column":25},"end":{"line":98,"column":27}},"56":{"start":{"line":99,"column":12},"end":{"line":115,"column":13}},"57":{"start":{"line":100,"column":27},"end":{"line":103,"column":19}},"58":{"start":{"line":104,"column":16},"end":{"line":104,"column":36}},"59":{"start":{"line":104,"column":27},"end":{"line":104,"column":36}},"60":{"start":{"line":105,"column":16},"end":{"line":105,"column":60}},"61":{"start":{"line":106,"column":26},"end":{"line":106,"column":32}},"62":{"start":{"line":107,"column":16},"end":{"line":113,"column":17}},"63":{"start":{"line":109,"column":24},"end":{"line":109,"column":81}},"64":{"start":{"line":109,"column":70},"end":{"line":109,"column":81}},"65":{"start":{"line":110,"column":24},"end":{"line":110,"column":30}},"66":{"start":{"line":112,"column":24},"end":{"line":112,"column":71}},"67":{"start":{"line":114,"column":16},"end":{"line":114,"column":33}},"68":{"start":{"line":116,"column":12},"end":{"line":116,"column":123}},"69":{"start":{"line":119,"column":8},"end":{"line":119,"column":19}},"70":{"start":{"line":123,"column":8},"end":{"line":125,"column":15}},"71":{"start":{"line":124,"column":12},"end":{"line":124,"column":67}},"72":{"start":{"line":128,"column":4},"end":{"line":131,"column":6}},"73":{"start":{"line":133,"column":0},"end":{"line":133,"column":63}},"74":{"start":{"line":133,"column":35},"end":{"line":133,"column":63}}},"fnMap":{"0":{"name":"(anonymous_0)","decl":{"start":{"line":3,"column":18},"end":{"line":3,"column":19}},"loc":{"start":{"line":3,"column":30},"end":{"line":132,"column":1}},"line":3},"1":{"name":"sheet_to_sql","decl":{"start":{"line":31,"column":13},"end":{"line":31,"column":25}},"loc":{"start":{"line":31,"column":43},"end":{"line":120,"column":5}},"line":31},"2":{"name":"(anonymous_2)","decl":{"start":{"line":92,"column":70},"end":{"line":92,"column":71}},"loc":{"start":{"line":92,"column":86},"end":{"line":94,"column":9}},"line":92},"3":{"name":"book_to_sql","decl":{"start":{"line":122,"column":13},"end":{"line":122,"column":24}},"loc":{"start":{"line":122,"column":35},"end":{"line":126,"column":5}},"line":122},"4":{"name":"(anonymous_4)","decl":{"start":{"line":123,"column":36},"end":{"line":123,"column":37}},"loc":{"start":{"line":123,"column":54},"end":{"line":125,"column":9}},"line":123}},"branchMap":{"0":{"loc":{"start":{"line":6,"column":4},"end":{"line":8,"column":48}},"type":"if","locations":[{"start":{"line":6,"column":4},"end":{"line":8,"column":48}},{"start":{"line":6,"column":4},"end":{"line":8,"column":48}}],"line":6},"1":{"loc":{"start":{"line":7,"column":9},"end":{"line":8,"column":48}},"type":"if","locations":[{"start":{"line":7,"column":9},"end":{"line":8,"column":48}},{"start":{"line":7,"column":9},"end":{"line":8,"column":48}}],"line":7},"2":{"loc":{"start":{"line":32,"column":27},"end":{"line":32,"column":43}},"type":"binary-expr","locations":[{"start":{"line":32,"column":27},"end":{"line":32,"column":31}},{"start":{"line":32,"column":35},"end":{"line":32,"column":43}}],"line":32},"3":{"loc":{"start":{"line":33,"column":8},"end":{"line":33,"column":39}},"type":"if","locations":[{"start":{"line":33,"column":8},"end":{"line":33,"column":39}},{"start":{"line":33,"column":8},"end":{"line":33,"column":39}}],"line":33},"4":{"loc":{"start":{"line":33,"column":12},"end":{"line":33,"column":30}},"type":"binary-expr","locations":[{"start":{"line":33,"column":12},"end":{"line":33,"column":15}},{"start":{"line":33,"column":19},"end":{"line":33,"column":30}}],"line":33},"5":{"loc":{"start":{"line":35,"column":8},"end":{"line":35,"column":72}},"type":"if","locations":[{"start":{"line":35,"column":8},"end":{"line":35,"column":72}},{"start":{"line":35,"column":8},"end":{"line":35,"column":72}}],"line":35},"6":{"loc":{"start":{"line":35,"column":12},"end":{"line":35,"column":63}},"type":"binary-expr","locations":[{"start":{"line":35,"column":12},"end":{"line":35,"column":18}},{"start":{"line":35,"column":22},"end":{"line":35,"column":30}},{"start":{"line":35,"column":34},"end":{"line":35,"column":42}},{"start":{"line":35,"column":46},"end":{"line":35,"column":63}}],"line":35},"7":{"loc":{"start":{"line":45,"column":35},"end":{"line":45,"column":80}},"type":"cond-expr","locations":[{"start":{"line":45,"column":46},"end":{"line":45,"column":56}},{"start":{"line":45,"column":59},"end":{"line":45,"column":80}}],"line":45},"8":{"loc":{"start":{"line":49,"column":12},"end":{"line":54,"column":17}},"type":"if","locations":[{"start":{"line":49,"column":12},"end":{"line":54,"column":17}},{"start":{"line":49,"column":12},"end":{"line":54,"column":17}}],"line":49},"9":{"loc":{"start":{"line":52,"column":20},"end":{"line":52,"column":60}},"type":"if","locations":[{"start":{"line":52,"column":20},"end":{"line":52,"column":60}},{"start":{"line":52,"column":20},"end":{"line":52,"column":60}}],"line":52},"10":{"loc":{"start":{"line":61,"column":22},"end":{"line":66,"column":17}},"type":"binary-expr","locations":[{"start":{"line":61,"column":22},"end":{"line":64,"column":19}},{"start":{"line":64,"column":23},"end":{"line":66,"column":17}}],"line":61},"11":{"loc":{"start":{"line":67,"column":12},"end":{"line":82,"column":13}},"type":"if","locations":[{"start":{"line":67,"column":12},"end":{"line":82,"column":13}},{"start":{"line":67,"column":12},"end":{"line":82,"column":13}}],"line":67},"12":{"loc":{"start":{"line":67,"column":16},"end":{"line":67,"column":34}},"type":"binary-expr","locations":[{"start":{"line":67,"column":16},"end":{"line":67,"column":22}},{"start":{"line":67,"column":26},"end":{"line":67,"column":34}}],"line":67},"13":{"loc":{"start":{"line":68,"column":17},"end":{"line":82,"column":13}},"type":"if","locations":[{"start":{"line":68,"column":17},"end":{"line":82,"column":13}},{"start":{"line":68,"column":17},"end":{"line":82,"column":13}}],"line":68},"14":{"loc":{"start":{"line":69,"column":17},"end":{"line":82,"column":13}},"type":"switch","locations":[{"start":{"line":70,"column":16},"end":{"line":72,"column":26}},{"start":{"line":73,"column":16},"end":{"line":75,"column":26}},{"start":{"line":76,"column":16},"end":{"line":78,"column":26}},{"start":{"line":79,"column":16},"end":{"line":81,"column":26}}],"line":69},"15":{"loc":{"start":{"line":83,"column":35},"end":{"line":83,"column":51}},"type":"binary-expr","locations":[{"start":{"line":83,"column":35},"end":{"line":83,"column":40}},{"start":{"line":83,"column":44},"end":{"line":83,"column":51}}],"line":83},"16":{"loc":{"start":{"line":88,"column":17},"end":{"line":88,"column":43}},"type":"cond-expr","locations":[{"start":{"line":88,"column":35},"end":{"line":88,"column":37}},{"start":{"line":88,"column":40},"end":{"line":88,"column":43}}],"line":88},"17":{"loc":{"start":{"line":89,"column":16},"end":{"line":89,"column":43}},"type":"cond-expr","locations":[{"start":{"line":89,"column":34},"end":{"line":89,"column":37}},{"start":{"line":89,"column":40},"end":{"line":89,"column":43}}],"line":89},"18":{"loc":{"start":{"line":90,"column":16},"end":{"line":90,"column":45}},"type":"cond-expr","locations":[{"start":{"line":90,"column":34},"end":{"line":90,"column":38}},{"start":{"line":90,"column":41},"end":{"line":90,"column":45}}],"line":90},"19":{"loc":{"start":{"line":93,"column":40},"end":{"line":93,"column":58}},"type":"binary-expr","locations":[{"start":{"line":93,"column":40},"end":{"line":93,"column":48}},{"start":{"line":93,"column":52},"end":{"line":93,"column":58}}],"line":93},"20":{"loc":{"start":{"line":104,"column":16},"end":{"line":104,"column":36}},"type":"if","locations":[{"start":{"line":104,"column":16},"end":{"line":104,"column":36}},{"start":{"line":104,"column":16},"end":{"line":104,"column":36}}],"line":104},"21":{"loc":{"start":{"line":107,"column":16},"end":{"line":113,"column":17}},"type":"switch","locations":[{"start":{"line":108,"column":20},"end":{"line":110,"column":30}},{"start":{"line":111,"column":20},"end":{"line":112,"column":71}}],"line":107},"22":{"loc":{"start":{"line":109,"column":24},"end":{"line":109,"column":81}},"type":"if","locations":[{"start":{"line":109,"column":24},"end":{"line":109,"column":81}},{"start":{"line":109,"column":24},"end":{"line":109,"column":81}}],"line":109},"23":{"loc":{"start":{"line":109,"column":28},"end":{"line":109,"column":68}},"type":"binary-expr","locations":[{"start":{"line":109,"column":28},"end":{"line":109,"column":41}},{"start":{"line":109,"column":45},"end":{"line":109,"column":68}}],"line":109},"24":{"loc":{"start":{"line":133,"column":0},"end":{"line":133,"column":63}},"type":"if","locations":[{"start":{"line":133,"column":0},"end":{"line":133,"column":63}},{"start":{"line":133,"column":0},"end":{"line":133,"column":63}}],"line":133}},"s":{"0":1,"1":1,"2":0,"3":1,"4":1,"5":0,"6":1,"7":0,"8":0,"9":0,"10":0,"11":0,"12":0,"13":0,"14":0,"15":0,"16":0,"17":0,"18":0,"19":0,"20":0,"21":0,"22":0,"23":0,"24":0,"25":0,"26":0,"27":0,"28":0,"29":0,"30":0,"31":0,"32":0,"33":0,"34":0,"35":0,"36":0,"37":0,"38":0,"39":0,"40":0,"41":0,"42":0,"43":0,"44":0,"45":0,"46":0,"47":0,"48":0,"49":0,"50":0,"51":0,"52":0,"53":0,"54":0,"55":0,"56":0,"57":0,"58":0,"59":0,"60":0,"61":0,"62":0,"63":0,"64":0,"65":0,"66":0,"67":0,"68":0,"69":0,"70":0,"71":0,"72":1,"73":1,"74":1},"f":{"0":1,"1":0,"2":0,"3":0,"4":0},"b":{"0":[0,1],"1":[1,0],"2":[0,0],"3":[0,0],"4":[0,0],"5":[0,0],"6":[0,0,0,0],"7":[0,0],"8":[0,0],"9":[0,0],"10":[0,0],"11":[0,0],"12":[0,0],"13":[0,0],"14":[0,0,0,0],"15":[0,0],"16":[0,0],"17":[0,0],"18":[0,0],"19":[0,0],"20":[0,0],"21":[0,0],"22":[0,0],"23":[0,0],"24":[1,0]},"_coverageSchema":"43e27e138ebf9cfc5966b082cf9a028302ed4184","hash":"0b840cfd8483b8754adbd5f7dc102fbe6b51dce9","contentHash":"88f02c206974a7a1656360de548ebf32"},"C:\\Users\\s530460\\Documents\\NWMSU\\GDP II\\Project\\src\\GDP-Node\\controllers\\database_clear.js":{"path":"C:\\Users\\s530460\\Documents\\NWMSU\\GDP II\\Project\\src\\GDP-Node\\controllers\\database_clear.js","statementMap":{"0":{"start":{"line":1,"column":12},"end":{"line":1,"column":28}},"1":{"start":{"line":2,"column":16},"end":{"line":2,"column":34}},"2":{"start":{"line":3,"column":12},"end":{"line":3,"column":28}},"3":{"start":{"line":5,"column":0},"end":{"line":5,"column":51}},"4":{"start":{"line":6,"column":17},"end":{"line":14,"column":2}},"5":{"start":{"line":15,"column":0},"end":{"line":50,"column":2}},"6":{"start":{"line":16,"column":23},"end":{"line":16,"column":44}},"7":{"start":{"line":17,"column":4},"end":{"line":49,"column":6}},"8":{"start":{"line":18,"column":8},"end":{"line":48,"column":9}},"9":{"start":{"line":19,"column":12},"end":{"line":19,"column":31}},"10":{"start":{"line":20,"column":12},"end":{"line":20,"column":58}},"11":{"start":{"line":22,"column":12},"end":{"line":22,"column":58}},"12":{"start":{"line":23,"column":12},"end":{"line":47,"column":14}},"13":{"start":{"line":24,"column":16},"end":{"line":46,"column":17}},"14":{"start":{"line":25,"column":20},"end":{"line":25,"column":41}},"15":{"start":{"line":27,"column":34},"end":{"line":27,"column":38}},"16":{"start":{"line":28,"column":20},"end":{"line":37,"column":23}},"17":{"start":{"line":29,"column":24},"end":{"line":36,"column":25}},"18":{"start":{"line":30,"column":28},"end":{"line":35,"column":30}},"19":{"start":{"line":31,"column":32},"end":{"line":34,"column":33}},"20":{"start":{"line":32,"column":36},"end":{"line":32,"column":75}},"21":{"start":{"line":33,"column":36},"end":{"line":33,"column":52}},"22":{"start":{"line":38,"column":20},"end":{"line":44,"column":21}},"23":{"start":{"line":39,"column":24},"end":{"line":43,"column":26}},"24":{"start":{"line":40,"column":28},"end":{"line":41,"column":104}},"25":{"start":{"line":41,"column":32},"end":{"line":41,"column":104}},"26":{"start":{"line":45,"column":20},"end":{"line":45,"column":37}},"27":{"start":{"line":53,"column":4},"end":{"line":71,"column":6}},"28":{"start":{"line":54,"column":8},"end":{"line":69,"column":9}},"29":{"start":{"line":55,"column":12},"end":{"line":55,"column":55}},"30":{"start":{"line":57,"column":12},"end":{"line":57,"column":47}},"31":{"start":{"line":58,"column":12},"end":{"line":68,"column":14}},"32":{"start":{"line":59,"column":16},"end":{"line":66,"column":17}},"33":{"start":{"line":60,"column":20},"end":{"line":60,"column":65}},"34":{"start":{"line":61,"column":20},"end":{"line":61,"column":41}},"35":{"start":{"line":63,"column":20},"end":{"line":63,"column":55}},"36":{"start":{"line":65,"column":20},"end":{"line":65,"column":37}},"37":{"start":{"line":74,"column":0},"end":{"line":74,"column":20}}},"fnMap":{"0":{"name":"(anonymous_0)","decl":{"start":{"line":15,"column":13},"end":{"line":15,"column":14}},"loc":{"start":{"line":15,"column":33},"end":{"line":50,"column":1}},"line":15},"1":{"name":"(anonymous_1)","decl":{"start":{"line":17,"column":29},"end":{"line":17,"column":30}},"loc":{"start":{"line":17,"column":56},"end":{"line":49,"column":5}},"line":17},"2":{"name":"(anonymous_2)","decl":{"start":{"line":23,"column":157},"end":{"line":23,"column":158}},"loc":{"start":{"line":23,"column":188},"end":{"line":47,"column":13}},"line":23},"3":{"name":"(anonymous_3)","decl":{"start":{"line":28,"column":41},"end":{"line":28,"column":42}},"loc":{"start":{"line":28,"column":52},"end":{"line":37,"column":21}},"line":28},"4":{"name":"(anonymous_4)","decl":{"start":{"line":30,"column":58},"end":{"line":30,"column":59}},"loc":{"start":{"line":30,"column":83},"end":{"line":35,"column":29}},"line":30},"5":{"name":"(anonymous_5)","decl":{"start":{"line":39,"column":161},"end":{"line":39,"column":162}},"loc":{"start":{"line":39,"column":172},"end":{"line":43,"column":25}},"line":39},"6":{"name":"createStatusTable","decl":{"start":{"line":51,"column":9},"end":{"line":51,"column":26}},"loc":{"start":{"line":51,"column":42},"end":{"line":72,"column":1}},"line":51},"7":{"name":"(anonymous_7)","decl":{"start":{"line":53,"column":397},"end":{"line":53,"column":398}},"loc":{"start":{"line":53,"column":430},"end":{"line":71,"column":5}},"line":53},"8":{"name":"(anonymous_8)","decl":{"start":{"line":58,"column":154},"end":{"line":58,"column":155}},"loc":{"start":{"line":58,"column":187},"end":{"line":68,"column":13}},"line":58}},"branchMap":{"0":{"loc":{"start":{"line":18,"column":8},"end":{"line":48,"column":9}},"type":"if","locations":[{"start":{"line":18,"column":8},"end":{"line":48,"column":9}},{"start":{"line":18,"column":8},"end":{"line":48,"column":9}}],"line":18},"1":{"loc":{"start":{"line":24,"column":16},"end":{"line":46,"column":17}},"type":"if","locations":[{"start":{"line":24,"column":16},"end":{"line":46,"column":17}},{"start":{"line":24,"column":16},"end":{"line":46,"column":17}}],"line":24},"2":{"loc":{"start":{"line":29,"column":24},"end":{"line":36,"column":25}},"type":"if","locations":[{"start":{"line":29,"column":24},"end":{"line":36,"column":25}},{"start":{"line":29,"column":24},"end":{"line":36,"column":25}}],"line":29},"3":{"loc":{"start":{"line":29,"column":28},"end":{"line":29,"column":132}},"type":"binary-expr","locations":[{"start":{"line":29,"column":28},"end":{"line":29,"column":47}},{"start":{"line":29,"column":51},"end":{"line":29,"column":72}},{"start":{"line":29,"column":76},"end":{"line":29,"column":132}}],"line":29},"4":{"loc":{"start":{"line":31,"column":32},"end":{"line":34,"column":33}},"type":"if","locations":[{"start":{"line":31,"column":32},"end":{"line":34,"column":33}},{"start":{"line":31,"column":32},"end":{"line":34,"column":33}}],"line":31},"5":{"loc":{"start":{"line":38,"column":20},"end":{"line":44,"column":21}},"type":"if","locations":[{"start":{"line":38,"column":20},"end":{"line":44,"column":21}},{"start":{"line":38,"column":20},"end":{"line":44,"column":21}}],"line":38},"6":{"loc":{"start":{"line":40,"column":28},"end":{"line":41,"column":104}},"type":"if","locations":[{"start":{"line":40,"column":28},"end":{"line":41,"column":104}},{"start":{"line":40,"column":28},"end":{"line":41,"column":104}}],"line":40},"7":{"loc":{"start":{"line":54,"column":8},"end":{"line":69,"column":9}},"type":"if","locations":[{"start":{"line":54,"column":8},"end":{"line":69,"column":9}},{"start":{"line":54,"column":8},"end":{"line":69,"column":9}}],"line":54},"8":{"loc":{"start":{"line":59,"column":16},"end":{"line":66,"column":17}},"type":"if","locations":[{"start":{"line":59,"column":16},"end":{"line":66,"column":17}},{"start":{"line":59,"column":16},"end":{"line":66,"column":17}}],"line":59}},"s":{"0":1,"1":1,"2":1,"3":1,"4":1,"5":1,"6":0,"7":0,"8":0,"9":0,"10":0,"11":0,"12":0,"13":0,"14":0,"15":0,"16":0,"17":0,"18":0,"19":0,"20":0,"21":0,"22":0,"23":0,"24":0,"25":0,"26":0,"27":0,"28":0,"29":0,"30":0,"31":0,"32":0,"33":0,"34":0,"35":0,"36":0,"37":1},"f":{"0":0,"1":0,"2":0,"3":0,"4":0,"5":0,"6":0,"7":0,"8":0},"b":{"0":[0,0],"1":[0,0],"2":[0,0],"3":[0,0,0],"4":[0,0],"5":[0,0],"6":[0,0],"7":[0,0],"8":[0,0]},"_coverageSchema":"43e27e138ebf9cfc5966b082cf9a028302ed4184","hash":"3ff54ad5f3faf255779c816e8640aa668281e4e3","contentHash":"cec3f0e136528bb6761f8bb00927b5fe"},"C:\\Users\\s530460\\Documents\\NWMSU\\GDP II\\Project\\src\\GDP-Node\\controllers\\data_export.js":{"path":"C:\\Users\\s530460\\Documents\\NWMSU\\GDP II\\Project\\src\\GDP-Node\\controllers\\data_export.js","statementMap":{"0":{"start":{"line":1,"column":12},"end":{"line":1,"column":28}},"1":{"start":{"line":2,"column":16},"end":{"line":2,"column":34}},"2":{"start":{"line":3,"column":15},"end":{"line":3,"column":31}},"3":{"start":{"line":4,"column":17},"end":{"line":4,"column":66}},"4":{"start":{"line":5,"column":0},"end":{"line":5,"column":48}},"5":{"start":{"line":6,"column":0},"end":{"line":56,"column":2}},"6":{"start":{"line":7,"column":19},"end":{"line":7,"column":41}},"7":{"start":{"line":8,"column":20},"end":{"line":8,"column":46}},"8":{"start":{"line":9,"column":23},"end":{"line":9,"column":44}},"9":{"start":{"line":10,"column":4},"end":{"line":54,"column":5}},"10":{"start":{"line":11,"column":8},"end":{"line":52,"column":10}},"11":{"start":{"line":12,"column":27},"end":{"line":12,"column":63}},"12":{"start":{"line":13,"column":12},"end":{"line":16,"column":13}},"13":{"start":{"line":14,"column":16},"end":{"line":14,"column":46}},"14":{"start":{"line":15,"column":16},"end":{"line":15,"column":48}},"15":{"start":{"line":17,"column":12},"end":{"line":51,"column":14}},"16":{"start":{"line":18,"column":16},"end":{"line":49,"column":17}},"17":{"start":{"line":19,"column":20},"end":{"line":28,"column":21}},"18":{"start":{"line":20,"column":24},"end":{"line":27,"column":27}},"19":{"start":{"line":30,"column":20},"end":{"line":47,"column":21}},"20":{"start":{"line":31,"column":24},"end":{"line":38,"column":27}},"21":{"start":{"line":40,"column":24},"end":{"line":46,"column":27}},"22":{"start":{"line":50,"column":16},"end":{"line":50,"column":54}},"23":{"start":{"line":57,"column":0},"end":{"line":78,"column":2}},"24":{"start":{"line":58,"column":19},"end":{"line":58,"column":41}},"25":{"start":{"line":59,"column":20},"end":{"line":59,"column":46}},"26":{"start":{"line":60,"column":4},"end":{"line":60,"column":50}},"27":{"start":{"line":61,"column":4},"end":{"line":77,"column":6}},"28":{"start":{"line":62,"column":8},"end":{"line":76,"column":10}},"29":{"start":{"line":63,"column":12},"end":{"line":74,"column":13}},"30":{"start":{"line":64,"column":16},"end":{"line":64,"column":50}},"31":{"start":{"line":66,"column":16},"end":{"line":73,"column":19}},"32":{"start":{"line":75,"column":12},"end":{"line":75,"column":47}},"33":{"start":{"line":79,"column":0},"end":{"line":79,"column":23}}},"fnMap":{"0":{"name":"(anonymous_0)","decl":{"start":{"line":6,"column":27},"end":{"line":6,"column":28}},"loc":{"start":{"line":6,"column":47},"end":{"line":56,"column":1}},"line":6},"1":{"name":"(anonymous_1)","decl":{"start":{"line":11,"column":103},"end":{"line":11,"column":104}},"loc":{"start":{"line":11,"column":136},"end":{"line":52,"column":9}},"line":11},"2":{"name":"(anonymous_2)","decl":{"start":{"line":17,"column":39},"end":{"line":17,"column":40}},"loc":{"start":{"line":17,"column":70},"end":{"line":51,"column":13}},"line":17},"3":{"name":"(anonymous_3)","decl":{"start":{"line":57,"column":16},"end":{"line":57,"column":17}},"loc":{"start":{"line":57,"column":36},"end":{"line":78,"column":1}},"line":57},"4":{"name":"(anonymous_4)","decl":{"start":{"line":61,"column":99},"end":{"line":61,"column":100}},"loc":{"start":{"line":61,"column":132},"end":{"line":77,"column":5}},"line":61},"5":{"name":"(anonymous_5)","decl":{"start":{"line":62,"column":78},"end":{"line":62,"column":79}},"loc":{"start":{"line":62,"column":111},"end":{"line":76,"column":9}},"line":62}},"branchMap":{"0":{"loc":{"start":{"line":10,"column":4},"end":{"line":54,"column":5}},"type":"if","locations":[{"start":{"line":10,"column":4},"end":{"line":54,"column":5}},{"start":{"line":10,"column":4},"end":{"line":54,"column":5}}],"line":10},"1":{"loc":{"start":{"line":10,"column":8},"end":{"line":10,"column":91}},"type":"binary-expr","locations":[{"start":{"line":10,"column":8},"end":{"line":10,"column":40}},{"start":{"line":10,"column":44},"end":{"line":10,"column":71}},{"start":{"line":10,"column":75},"end":{"line":10,"column":91}}],"line":10},"2":{"loc":{"start":{"line":13,"column":12},"end":{"line":16,"column":13}},"type":"if","locations":[{"start":{"line":13,"column":12},"end":{"line":16,"column":13}},{"start":{"line":13,"column":12},"end":{"line":16,"column":13}}],"line":13},"3":{"loc":{"start":{"line":18,"column":16},"end":{"line":49,"column":17}},"type":"if","locations":[{"start":{"line":18,"column":16},"end":{"line":49,"column":17}},{"start":{"line":18,"column":16},"end":{"line":49,"column":17}}],"line":18},"4":{"loc":{"start":{"line":19,"column":20},"end":{"line":28,"column":21}},"type":"if","locations":[{"start":{"line":19,"column":20},"end":{"line":28,"column":21}},{"start":{"line":19,"column":20},"end":{"line":28,"column":21}}],"line":19},"5":{"loc":{"start":{"line":30,"column":20},"end":{"line":47,"column":21}},"type":"if","locations":[{"start":{"line":30,"column":20},"end":{"line":47,"column":21}},{"start":{"line":30,"co
[...]
}},"23":{"start":{"line":42,"column":4},"end":{"line":56,"column":5}},"24":{"start":{"line":43,"column":8},"end":{"line":53,"column":10}},"25":{"start":{"line":44,"column":12},"end":{"line":47,"column":13}},"26":{"start":{"line":45,"column":16},"end":{"line":45,"column":26}},"27":{"start":{"line":46,"column":16},"end":{"line":46,"column":35}},"28":{"start":{"line":48,"column":12},"end":{"line":52,"column":13}},"29":{"start":{"line":49,"column":16},"end":{"line":49,"column":63}},"30":{"start":{"line":51,"column":16},"end":{"line":51,"column":64}},"31":{"start":{"line":55,"column":8},"end":{"line":55,"column":26}},"32":{"start":{"line":59,"column":18},"end":{"line":59,"column":52}},"33":{"start":{"line":60,"column":4},"end":{"line":60,"column":30}},"34":{"start":{"line":64,"column":16},"end":{"line":64,"column":30}},"35":{"start":{"line":65,"column":20},"end":{"line":65,"column":22}},"36":{"start":{"line":66,"column":4},"end":{"line":68,"column":7}},"37":{"start":{"line":67,"column":8},"end":{"line":67,"column":87}},"38":{"start":{"line":69,"column":4},"end":{"line":69,"column":53}},"39":{"start":{"line":72,"column":0},"end":{"line":147,"column":3}},"40":{"start":{"line":73,"column":4},"end":{"line":146,"column":5}},"41":{"start":{"line":74,"column":23},"end":{"line":74,"column":45}},"42":{"start":{"line":75,"column":24},"end":{"line":75,"column":50}},"43":{"start":{"line":76,"column":19},"end":{"line":76,"column":40}},"44":{"start":{"line":77,"column":26},"end":{"line":77,"column":78}},"45":{"start":{"line":78,"column":18},"end":{"line":78,"column":174}},"46":{"start":{"line":79,"column":8},"end":{"line":79,"column":113}},"47":{"start":{"line":80,"column":23},"end":{"line":80,"column":67}},"48":{"start":{"line":81,"column":8},"end":{"line":81,"column":39}},"49":{"start":{"line":83,"column":8},"end":{"line":143,"column":11}},"50":{"start":{"line":84,"column":12},"end":{"line":88,"column":13}},"51":{"start":{"line":85,"column":16},"end":{"line":85,"column":31}},"52":{"start":{"line":86,"column":16},"end":{"line":86,"column":33}},"53":{"start":{"line":87,"column":16},"end":{"line":87,"column":26}},"54":{"start":{"line":89,"column":12},"end":{"line":142,"column":15}},"55":{"start":{"line":90,"column":28},"end":{"line":90,"column":47}},"56":{"start":{"line":91,"column":16},"end":{"line":141,"column":19}},"57":{"start":{"line":92,"column":20},"end":{"line":92,"column":43}},"58":{"start":{"line":93,"column":20},"end":{"line":140,"column":21}},"59":{"start":{"line":94,"column":24},"end":{"line":94,"column":74}},"60":{"start":{"line":96,"column":49},"end":{"line":96,"column":58}},"61":{"start":{"line":97,"column":28},"end":{"line":97,"column":82}},"62":{"start":{"line":98,"column":28},"end":{"line":98,"column":66}},"63":{"start":{"line":99,"column":42},"end":{"line":99,"column":67}},"64":{"start":{"line":100,"column":42},"end":{"line":100,"column":60}},"65":{"start":{"line":101,"column":39},"end":{"line":101,"column":1328}},"66":{"start":{"line":102,"column":28},"end":{"line":102,"column":86}},"67":{"start":{"line":103,"column":38},"end":{"line":103,"column":74}},"68":{"start":{"line":104,"column":28},"end":{"line":138,"column":30}},"69":{"start":{"line":105,"column":32},"end":{"line":123,"column":33}},"70":{"start":{"line":106,"column":36},"end":{"line":122,"column":37}},"71":{"start":{"line":107,"column":40},"end":{"line":113,"column":43}},"72":{"start":{"line":115,"column":40},"end":{"line":121,"column":43}},"73":{"start":{"line":124,"column":32},"end":{"line":137,"column":33}},"74":{"start":{"line":125,"column":36},"end":{"line":128,"column":38}},"75":{"start":{"line":130,"column":36},"end":{"line":136,"column":38}},"76":{"start":{"line":145,"column":8},"end":{"line":145,"column":24}},"77":{"start":{"line":149,"column":0},"end":{"line":166,"column":2}},"78":{"start":{"line":150,"column":4},"end":{"line":165,"column":5}},"79":{"start":{"line":151,"column":23},"end":{"line":151,"column":45}},"80":{"start":{"line":152,"column":24},"end":{"line":152,"column":50}},"81":{"start":{"line":153,"column":18},"end":{"line":153,"column":104}},"82":{"start":{"line":154,"column":8},"end":{"line":162,"column":10}},"83":{"start":{"line":155,"column":12},"end":{"line":158,"column":13}},"84":{"start":{"line":156,"column":16},"end":{"line":156,"column":26}},"85":{"start":{"line":157,"column":16},"end":{"line":157,"column":35}},"86":{"start":{"line":159,"column":12},"end":{"line":161,"column":13}},"87":{"start":{"line":160,"column":16},"end":{"line":160,"column":42}},"88":{"start":{"line":164,"column":8},"end":{"line":164,"column":26}},"89":{"start":{"line":168,"column":0},"end":{"line":185,"column":2}},"90":{"start":{"line":169,"column":4},"end":{"line":184,"column":5}},"91":{"start":{"line":170,"column":23},"end":{"line":170,"column":45}},"92":{"start":{"line":171,"column":24},"end":{"line":171,"column":50}},"93":{"start":{"line":172,"column":18},"end":{"line":172,"column":96}},"94":{"start":{"line":173,"column":8},"end":{"line":173,"column":25}},"95":{"start":{"line":174,"column":8},"end":{"line":181,"column":10}},"96":{"start":{"line":175,"column":12},"end":{"line":178,"column":13}},"97":{"start":{"line":176,"column":16},"end":{"line":176,"column":33}},"98":{"start":{"line":177,"column":16},"end":{"line":177,"column":63}},"99":{"start":{"line":179,"column":12},"end":{"line":179,"column":58}},"100":{"start":{"line":183,"column":8},"end":{"line":183,"column":24}},"101":{"start":{"line":187,"column":0},"end":{"line":204,"column":2}},"102":{"start":{"line":188,"column":4},"end":{"line":203,"column":5}},"103":{"start":{"line":189,"column":23},"end":{"line":189,"column":45}},"104":{"start":{"line":190,"column":24},"end":{"line":190,"column":50}},"105":{"start":{"line":191,"column":18},"end":{"line":191,"column":206}},"106":{"start":{"line":192,"column":8},"end":{"line":192,"column":25}},"107":{"start":{"line":193,"column":8},"end":{"line":200,"column":10}},"108":{"start":{"line":194,"column":12},"end":{"line":197,"column":13}},"109":{"start":{"line":195,"column":16},"end":{"line":195,"column":33}},"110":{"start":{"line":196,"column":16},"end":{"line":196,"column":63}},"111":{"start":{"line":198,"column":12},"end":{"line":198,"column":58}},"112":{"start":{"line":202,"column":8},"end":{"line":202,"column":24}},"113":{"start":{"line":206,"column":0},"end":{"line":206,"column":23}},"114":{"start":{"line":207,"column":0},"end":{"line":222,"column":1}},"115":{"start":{"line":209,"column":4},"end":{"line":220,"column":6}},"116":{"start":{"line":210,"column":8},"end":{"line":213,"column":9}},"117":{"start":{"line":211,"column":12},"end":{"line":211,"column":22}},"118":{"start":{"line":214,"column":8},"end":{"line":219,"column":9}},"119":{"start":{"line":215,"column":12},"end":{"line":215,"column":38}},"120":{"start":{"line":216,"column":12},"end":{"line":216,"column":23}},"121":{"start":{"line":218,"column":12},"end":{"line":218,"column":24}},"122":{"start":{"line":221,"column":4},"end":{"line":221,"column":15}}},"fnMap":{"0":{"name":"(anonymous_0)","decl":{"start":{"line":11,"column":16},"end":{"line":11,"column":17}},"loc":{"start":{"line":11,"column":36},"end":{"line":39,"column":1}},"line":11},"1":{"name":"(anonymous_1)","decl":{"start":{"line":16,"column":26},"end":{"line":16,"column":27}},"loc":{"start":{"line":16,"column":48},"end":{"line":37,"column":5}},"line":16},"2":{"name":"(anonymous_2)","decl":{"start":{"line":40,"column":26},"end":{"line":40,"column":27}},"loc":{"start":{"line":40,"column":46},"end":{"line":57,"column":1}},"line":40},"3":{"name":"(anonymous_3)","decl":{"start":{"line":43,"column":107},"end":{"line":43,"column":108}},"loc":{"start":{"line":43,"column":128},"end":{"line":53,"column":9}},"line":43},"4":{"name":"isEmailAddress","decl":{"start":{"line":58,"column":9},"end":{"line":58,"column":23}},"loc":{"start":{"line":58,"column":29},"end":{"line":61,"column":1}},"line":58},"5":{"name":"camelize","decl":{"start":{"line":63,"column":9},"end":{"line":63,"column":17}},"loc":{"start":{"line":63,"column":23},"end":{"line":70,"column":1}},"line":63},"6":{"name":"(anonymous_6)","decl":{"start":{"line":66,"column":18},"end":{"line":66,"column":19}},"loc":{"start":{"line":66,"column":26},"end":{"line":68,"column":5}},"line":66},"7":{"name":"(anonymous_7)","decl":{"start":{"line":72,"column":26},"end":{"line":72,"column":27}},"loc":{"start":{"line":72,"column":46},"end":{"line":147,"column":1}},"line":72},"8":{"name":"(anonymous_8)","decl":{"start":{"line":83,"column":30},"end":{"line":83,"column":31}},"loc":{"start":{"line":83,"column":53},"end":{"line":143,"column":9}},"line":83},"9":{"name":"(anonymous_9)","decl":{"start":{"line":89,"column":35},"end":{"line":89,"column":36}},"loc":{"start":{"line":89,"column":55},"end":{"line":142,"column":13}},"line":89},"10":{"name":"(anonymous_10)","decl":{"start":{"line":91,"column":127},"end":{"line":91,"column":128}},"loc":{"start":{"line":91,"column":148},"end":{"line":141,"column":17}},"line":91},"11":{"name":"(anonymous_11)","decl":{"start":{"line":104,"column":50},"end":{"line":104,"column":51}},"loc":{"start":{"line":104,"column":72},"end":{"line":138,"column":29}},"line":104},"12":{"name":"(anonymous_12)","decl":{"start":{"line":149,"column":26},"end":{"line":149,"column":27}},"loc":{"start":{"line":149,"column":46},"end":{"line":166,"column":1}},"line":149},"13":{"name":"(anonymous_13)","decl":{"start":{"line":154,"column":30},"end":{"line":154,"column":31}},"loc":{"start":{"line":154,"column":51},"end":{"line":162,"column":9}},"line":154},"14":{"name":"(anonymous_14)","decl":{"start":{"line":168,"column":28},"end":{"line":168,"column":29}},"loc":{"start":{"line":168,"column":48},"end":{"line":185,"column":1}},"line":168},"15":{"name":"(anonymous_15)","decl":{"start":{"line":174,"column":30},"end":{"line":174,"column":31}},"loc":{"start":{"line":174,"column":51},"end":{"line":181,"column":9}},"line":174},"16":{"name":"(anonymous_16)","decl":{"start":{"line":187,"column":26},"end":{"line":187,"column":27}},"loc":{"start":{"line":187,"column":46},"end":{"line":204,"column":1}},"line":187},"17":{"name":"(anonymous_17)","decl":{"start":{"line":193,"column":30},"end":{"line":193,"column":31}},"loc":{"start":{"line":193,"column":51},"end":{"line":200,"column":9}},"line":193},"18":{"name":"(anonymous_18)","decl":{"start":{"line":207,"column":27},"end":{"line":207,"column":28}},"loc":{"start":{"line":207,"column":43},"end":{"line":222,"column":1}},"line":207},"19":{"name":"(anonymous_19)","decl":{"start":{"line":209,"column":94},"end":{"line":209,"column":95}},"loc":{"start":{"line":209,"column":115},"end":{"line":220,"column":5}},"line":209}},"branchMap":{"0":{"loc":{"start":{"line":17,"column":8},"end":{"line":20,"column":9}},"type":"if","locations":[{"start":{"line":17,"column":8},"end":{"line":20,"column":9}},{"start":{"line":17,"column":8},"end":{"line":20,"column":9}}],"line":17},"1":{"loc":{"start":{"line":22,"column":8},"end":{"line":36,"column":9}},"type":"if","locations":[{"start":{"line":22,"column":8},"end":{"line":36,"column":9}},{"start":{"line":22,"column":8},"end":{"line":36,"column":9}}],"line":22},"2":{"loc":{"start":{"line":42,"column":4},"end":{"line":56,"column":5}},"type":"if","locations":[{"start":{"line":42,"column":4},"end":{"line":56,"column":5}},{"start":{"line":42,"column":4},"end":{"line":56,"column":5}}],"line":42},"3":{"loc":{"start":{"line":42,"column":8},"end":{"line":42,"column":191}},"type":"binary-expr","locations":[{"start":{"line":42,"column":8},"end":{"line":42,"column":38}},{"start":{"line":42,"column":42},"end":{"line":42,"column":76}},{"start":{"line":42,"column":80},"end":{"line":42,"column":107}},{"start":{"line":42,"column":111},"end":{"line":42,"column":138}},{"start":{"line":42,"column":140},"end":{"line":42,"column":191}}],"line":42},"4":{"loc":{"start":{"line":44,"column":12},"end":{"line":47,"column":13}},"type":"if","locations":[{"start":{"line":44,"column":12},"end":{"line":47,"column":13}},{"start":{"line":44,"column":12},"end":{"line":47,"column":13}}],"line":44},"5":{"loc":{"start":{"line":48,"column":12},"end":{"line":52,"column":13}},"type":"if","locations":[{"start":{"line":48,"column":12},"end":{"line":52,"column":13}},{"start":{"line":48,"column":12},"end":{"line":52,"column":13}}],"line":48},"6":{"loc":{"start":{"line":73,"column":4},"end":{"line":146,"column":5}},"type":"if","locations":[{"start":{"line":73,"column":4},"end":{"line":146,"column":5}},{"start":{"line":73,"column":4},"end":{"line":146,"column":5}}],"line":73},"7":{"loc":{"start":{"line":73,"column":8},"end":{"line":73,"column":131}},"type":"binary-expr","locations":[{"start":{"line":73,"column":8},"end":{"line":73,"column":38}},{"start":{"line":73,"column":42},"end":{"line":73,"column":76}},{"start":{"line":73,"column":80},"end":{"line":73,"column":131}}],"line":73},"8":{"loc":{"start":{"line":84,"column":12},"end":{"line":88,"column":13}},"type":"if","locations":[{"start":{"line":84,"column":12},"end":{"line":88,"column":13}},{"start":{"line":84,"column":12},"end":{"line":88,"column":13}}],"line":84},"9":{"loc":{"start":{"line":93,"column":20},"end":{"line":140,"column":21}},"type":"if","locations":[{"start":{"line":93,"column":20},"end":{"line":140,"column":21}},{"start":{"line":93,"column":20},"end":{"line":140,"column":21}}],"line":93},"10":{"loc":{"start":{"line":97,"column":46},"end":{"line":97,"column":82}},"type":"binary-expr","locations":[{"start":{"line":97,"column":46},"end":{"line":97,"column":66}},{"start":{"line":97,"column":69},"end":{"line":97,"column":82}}],"line":97},"11":{"loc":{"start":{"line":105,"column":32},"end":{"line":123,"column":33}},"type":"if","locations":[{"start":{"line":105,"column":32},"end":{"line":123,"column":33}},{"start":{"line":105,"column":32},"end":{"line":123,"column":33}}],"line":105},"12":{"loc":{"start":{"line":106,"column":36},"end":{"line":122,"column":37}},"type":"if","locations":[{"start":{"line":106,"column":36},"end":{"line":122,"column":37}},{"start":{"line":106,"column":36},"end":{"line":122,"column":37}}],"line":106},"13":{"loc":{"start":{"line":124,"column":32},"end":{"line":137,"column":33}},"type":"if","locations":[{"start":{"line":124,"column":32},"end":{"line":137,"column":33}},{"start":{"line":124,"column":32},"end":{"line":137,"column":33}}],"line":124},"14":{"loc":{"start":{"line":150,"column":4},"end":{"line":165,"column":5}},"type":"if","locations":[{"start":{"line":150,"column":4},"end":{"line":165,"column":5}},{"start":{"line":150,"column":4},"end":{"line":165,"column":5}}],"line":150},"15":{"loc":{"start":{"line":150,"column":8},"end":{"line":150,"column":76}},"type":"binary-expr","locations":[{"start":{"line":150,"column":8},"end":{"line":150,"column":38}},{"start":{"line":150,"column":42},"end":{"line":150,"column":76}}],"line":150},"16":{"loc":{"start":{"line":155,"column":12},"end":{"line":158,"column":13}},"type":"if","locations":[{"start":{"line":155,"column":12},"end":{"line":158,"column":13}},{"start":{"line":155,"column":12},"end":{"line":158,"column":13}}],"line":155},"17":{"loc":{"start":{"line":159,"column":12},"end":{"line":161,"column":13}},"type":"if","locations":[{"start":{"line":159,"column":12},"end":{"line":161,"column":13}},{"start":{"line":159,"column":12},"end":{"line":161,"column":13}}],"line":159},"18":{"loc":{"start":{"line":169,"column":4},"end":{"line":184,"column":5}},"type":"if","locations":[{"start":{"line":169,"column":4},"end":{"line":184,"column":5}},{"start":{"line":169,"column":4},"end":{"line":184,"column":5}}],"line":169},"19":{"loc":{"start":{"line":169,"column":8},"end":{"line":169,"column":76}},"type":"binary-expr","locations":[{"start":{"line":169,"column":8},"end":{"line":169,"column":38}},{"start":{"line":169,"column":42},"end":{"line":169,"column":76}}],"line":169},"20":{"loc":{"start":{"line":175,"column":12},"end":{"line":178,"column":13}},"type":"if","locations":[{"start":{"line":175,"column":12},"end":{"line":178,"column":13}},{"start":{"line":175,"column":12},"end":{"line":178,"column":13}}],"line":175},"21":{"loc":{"start":{"line":188,"column":4},"end":{"line":203,"column":5}},"type":"if","locations":[{"start":{"line":188,"column":4},"end":{"line":203,"column":5}},{"start":{"line":188,"column":4},"end":{"line":203,"column":5}}],"line":188},"22":{"loc":{"start":{"line":188,"column":8},"end":{"line":188,"column":76}},"type":"binary-expr","locations":[{"start":{"line":188,"column":8},"end":{"line":188,"column":38}},{"start":{"line":188,"column":42},"end":{"line":188,"column":76}}],"line":188},"23":{"loc":{"start":{"line":194,"column":12},"end":{"line":197,"column":13}},"type":"if","locations":[{"start":{"line":194,"column":12},"end":{"line":197,"column":13}},{"start":{"line":194,"column":12},"end":{"line":197,"column":13}}],"line":194},"24":{"loc":{"start":{"line":210,"column":8},"end":{"line":213,"column":9}},"type":"if","locations":[{"start":{"line":210,"column":8},"end":{"line":213,"column":9}},{"start":{"line":210,"column":8},"end":{"line":213,"column":9}}],"line":210},"25":{"loc":{"start":{"line":214,"column":8},"end":{"line":219,"column":9}},"type":"if","locations":[{"start":{"line":214,"column":8},"end":{"line":219,"column":9}},{"start":{"line":214,"column":8},"end":{"line":219,"column":9}}],"line":214}},"s":{"0":1,"1":1,"2":1,"3":1,"4":1,"5":1,"6":1,"7":1,"8":1,"9":1,"10":1,"11":0,"12":0,"13":0,"14":0,"15":0,"16":0,"17":0,"18":0,"19":0,"20":0,"21":0,"22":1,"23":0,"24":0,"25":0,"26":0,"27":0,"28":0,"29":0,"30":0,"31":0,"32":0,"33":0,"34":0,"35":0,"36":0,"37":0,"38":0,"39":1,"40":0,"41":0,"42":0,"43":0,"44":0,"45":0,"46":0,"47":0,"48":0,"49":0,"50":0,"51":0,"52":0,"53":0,"54":0,"55":0,"56":0,"57":0,"58":0,"59":0,"60":0,"61":0,"62":0,"63":0,"64":0,"65":0,"66":0,"67":0,"68":0,"69":0,"70":0,"71":0,"72":0,"73":0,"74":0,"75":0,"76":0,"77":1,"78":0,"79":0,"80":0,"81":0,"82":0,"83":0,"84":0,"85":0,"86":0,"87":0,"88":0,"89":1,"90":0,"91":0,"92":0,"93":0,"94":0,"95":0,"96":0,"97":0,"98":0,"99":0,"100":0,"101":1,"102":0,"103":0,"104":0,"105":0,"106":0,"107":0,"108":0,"109":0,"110":0,"111":0,"112":0,"113":1,"114":1,"115":1,"116":1,"117":0,"118":1,"119":1,"120":1,"121":0,"122":1},"f":{"0":0,"1":0,"2":0,"3":0,"4":0,"5":0,"6":0,"7":0,"8":0,"9":0,"10":0,"11":0,"12":0,"13":0,"14":0,"15":0,"16":0,"17":0,"18":1,"19":1},"b":{"0":[0,0],"1":[0,0],"2":[0,0],"3":[0,0,0,0,0],"4":[0,0],"5":[0,0],"6":[0,0],"7":[0,0,0],"8":[0,0],"9":[0,0],"10":[0,0],"11":[0,0],"12":[0,0],"13":[0,0],"14":[0,0],"15":[0,0],"16":[0,0],"17":[0,0],"18":[0,0],"19":[0,0],"20":[0,0],"21":[0,0],"22":[0,0],"23":[0,0],"24":[0,1],"25":[1,0]},"_coverageSchema":"43e27e138ebf9cfc5966b082cf9a028302ed4184","hash":"3421114b59db9d1acc0061aff9909fcb3cb18215","contentHash":"dba2016429490ca70faa4ee689306aec"},"C:\\Users\\s530460\\Documents\\NWMSU\\GDP II\\Project\\src\\GDP-Node\\utils\\logger.js":{"path":"C:\\Users\\s530460\\Documents\\NWMSU\\GDP II\\Project\\src\\GDP-Node\\utils\\logger.js","statementMap":{"0":{"start":{"line":2,"column":16},"end":{"line":2,"column":34}},"1":{"start":{"line":3,"column":11},"end":{"line":3,"column":24}},"2":{"start":{"line":4,"column":13},"end":{"line":4,"column":28}},"3":{"start":{"line":6,"column":15},"end":{"line":6,"column":21}},"4":{"start":{"line":8,"column":0},"end":{"line":8,"column":51}},"5":{"start":{"line":8,"column":30},"end":{"line":8,"column":50}},"6":{"start":{"line":10,"column":15},"end":{"line":21,"column":2}},"7":{"start":{"line":23,"column":0},"end":{"line":23,"column":23}}},"fnMap":{},"branchMap":{"0":{"loc":{"start":{"line":8,"column":0},"end":{"line":8,"column":51}},"type":"if","locations":[{"start":{"line":8,"column":0},"end":{"line":8,"column":51}},{"start":{"line":8,"column":0},"end":{"line":8,"column":51}}],"line":8}},"s":{"0":1,"1":1,"2":1,"3":1,"4":1,"5":0,"6":1,"7":1},"f":{},"b":{"0":[0,1]},"_coverageSchema":"43e27e138ebf9cfc5966b082cf9a028302ed4184","hash":"dc34eeea4a0947ce0120260689473d8a3aa2a4c1","contentHash":"4d5d85ad44e296f0369f4153f73ab6f1"}}